2025-06-09 12:21:36,395 - INFO - Загрузка данных
2025-06-09 12:21:36,414 - INFO - Целевая переменная log_si преобразована в бинарные классы с порогом 0.9030899869919435, распределение: Counter({1: 748, 0: 253})
2025-06-09 12:21:36,417 - INFO - Разделение данных: train=800, test=201
2025-06-09 12:21:36,422 - INFO - Признаки стандартизированы
2025-06-09 12:21:36,422 - INFO - Обучение RF
2025-06-09 12:22:11,764 - INFO - Лучшие параметры для RF: {'n_estimators': 117, 'max_depth': 10, 'min_samples_split': 8, 'min_samples_leaf': 3}
2025-06-09 12:22:12,172 - INFO - Обучающая точность для RF: 0.879
2025-06-09 12:22:12,172 - INFO - Тестовые метрики RF: Accuracy=0.756, F1=0.847, Precision=0.764, Recall=0.951
2025-06-09 12:22:12,405 - INFO - Важность признаков сохранена: figures/feature_importance_log_si_rf.png
2025-06-09 12:22:12,517 - INFO - Матрица ошибок сохранена: figures/confusion_matrix_log_si_rf.png
2025-06-09 12:22:12,517 - INFO - Обучение XGB
2025-06-09 12:23:22,687 - INFO - Лучшие параметры для XGB: {'n_estimators': 185, 'max_depth': 7, 'learning_rate': 0.03462222538124328, 'reg_lambda': 22.682764178112965, 'reg_alpha': 0.6489409388834111}
2025-06-09 12:23:24,054 - INFO - Обучающая точность для XGB: 0.904
2025-06-09 12:23:24,054 - INFO - Тестовые метрики XGB: Accuracy=0.736, F1=0.835, Precision=0.753, Recall=0.937
2025-06-09 12:23:24,194 - INFO - Важность признаков сохранена: figures/feature_importance_log_si_xgb.png
2025-06-09 12:23:24,309 - INFO - Матрица ошибок сохранена: figures/confusion_matrix_log_si_xgb.png
2025-06-09 12:23:24,309 - INFO - Обучение LGB
2025-06-09 12:23:33,038 - INFO - Лучшие параметры для LGB: {'n_estimators': 51, 'max_depth': 6, 'learning_rate': 0.05798153127377435, 'num_leaves': 22, 'min_child_samples': 65}
2025-06-09 12:23:33,111 - INFO - Обучающая точность для LGB: 0.841
2025-06-09 12:23:33,111 - INFO - Тестовые метрики LGB: Accuracy=0.736, F1=0.834, Precision=0.756, Recall=0.930
2025-06-09 12:23:33,276 - INFO - Важность признаков сохранена: figures/feature_importance_log_si_lgb.png
2025-06-09 12:23:33,406 - INFO - Матрица ошибок сохранена: figures/confusion_matrix_log_si_lgb.png
2025-06-09 12:23:33,406 - INFO - Обучение GB
2025-06-09 12:26:40,301 - INFO - Лучшие параметры для GB: {'n_estimators': 102, 'max_depth': 3, 'learning_rate': 0.08101066621006027, 'min_samples_split': 4}
2025-06-09 12:26:41,441 - INFO - Обучающая точность для GB: 0.897
2025-06-09 12:26:41,441 - INFO - Тестовые метрики GB: Accuracy=0.731, F1=0.832, Precision=0.749, Recall=0.937
2025-06-09 12:26:41,559 - INFO - Важность признаков сохранена: figures/feature_importance_log_si_gb.png
2025-06-09 12:26:41,661 - INFO - Матрица ошибок сохранена: figures/confusion_matrix_log_si_gb.png
2025-06-09 12:26:41,661 - INFO - Обучение LR
2025-06-09 12:26:44,757 - INFO - Лучшие параметры для LR: {'C': 0.03842657372224619, 'fit_intercept': True}
2025-06-09 12:26:44,772 - INFO - Обучающая точность для LR: 0.805
2025-06-09 12:26:44,772 - INFO - Тестовые метрики LR: Accuracy=0.736, F1=0.839, Precision=0.742, Recall=0.965
2025-06-09 12:26:44,876 - INFO - Матрица ошибок сохранена: figures/confusion_matrix_log_si_lr.png
2025-06-09 12:26:44,876 - INFO - Обучение ансамбля
2025-06-09 12:26:46,928 - INFO - Метрики ансамбля: Accuracy=0.701, F1=0.804, Precision=0.755, Recall=0.860
2025-06-09 12:26:47,029 - INFO - Матрица ошибок сохранена: figures/confusion_matrix_log_si_voting.png
2025-06-09 12:26:47,126 - INFO - Матрица ошибок сохранена: figures/confusion_matrix_log_si_rf.png
2025-06-09 12:26:47,132 - INFO - Результаты классификации log_si:
    Model  Accuracy     F1  Precision  Recall
0      RF     0.756  0.847      0.764   0.951
1     XGB     0.736  0.835      0.753   0.937
2     LGB     0.736  0.834      0.756   0.930
3      GB     0.731  0.832      0.749   0.937
4      LR     0.736  0.839      0.742   0.965
5  Voting     0.701  0.804      0.755   0.860
