2025-06-09 11:38:42,305 - INFO - Загрузка данных
2025-06-09 11:38:42,326 - INFO - Медиана IC50: 46.59, доля положительного класса: 50.05%
2025-06-09 11:38:42,330 - INFO - Разделение данных: train=800, test=201
2025-06-09 11:38:42,335 - INFO - Признаки стандартизированы
2025-06-09 11:38:42,336 - INFO - Баланс классов: {1: 0.5, 0: 0.5}
2025-06-09 11:38:42,336 - INFO - Классы сбалансированы, SMOTE не требуется
2025-06-09 11:38:42,336 - INFO - Обучающая модель RF
2025-06-09 11:40:13,862 - INFO - Лучшие параметры для RF: {'n_estimators': 124, 'max_depth': 20, 'min_samples_split': 3, 'min_samples_leaf': 1}
2025-06-09 11:40:14,311 - INFO - Обучающий F1 для RF: 0.980
2025-06-09 11:40:14,312 - INFO - Тестовые метрики RF: Accuracy=0.731, F1=0.740, Precision=0.720, Recall=0.762, ROC_AUC=0.777, PR_AUC=0.732
2025-06-09 11:40:14,481 - INFO - Важность признаков сохранена: figures/feature_importance_ic50_median_rf.png
2025-06-09 11:40:14,481 - INFO - Обучающая модель XGB
2025-06-09 11:41:41,210 - INFO - Лучшие параметры для XGB: {'n_estimators': 116, 'max_depth': 9, 'learning_rate': 0.2578921283606531, 'reg_lambda': 0.8259008687191366, 'reg_alpha': 0.21364788156882628}
2025-06-09 11:41:41,564 - INFO - Обучающий F1 для XGB: 0.982
2025-06-09 11:41:41,564 - INFO - Тестовые метрики XGB: Accuracy=0.706, F1=0.715, Precision=0.698, Recall=0.733, ROC_AUC=0.760, PR_AUC=0.716
2025-06-09 11:41:41,693 - INFO - Важность признаков сохранена: figures/feature_importance_ic50_median_xgb.png
2025-06-09 11:41:41,693 - INFO - Обучающая модель LGB
2025-06-09 11:42:07,270 - INFO - Лучшие параметры для LGB: {'n_estimators': 113, 'max_depth': 12, 'learning_rate': 0.2620680328932583, 'num_leaves': 60, 'min_child_samples': 25}
2025-06-09 11:42:07,434 - INFO - Обучающий F1 для LGB: 0.984
2025-06-09 11:42:07,434 - INFO - Тестовые метрики LGB: Accuracy=0.746, F1=0.754, Precision=0.736, Recall=0.772, ROC_AUC=0.776, PR_AUC=0.713
2025-06-09 11:42:07,566 - INFO - Важность признаков сохранена: figures/feature_importance_ic50_median_lgb.png
2025-06-09 11:42:07,568 - INFO - Обучающая модель GB
2025-06-09 11:55:08,180 - INFO - Лучшие параметры для GB: {'n_estimators': 177, 'max_depth': 8, 'learning_rate': 0.0768490675890521, 'min_samples_split': 6}
2025-06-09 11:55:13,503 - INFO - Обучающий F1 для GB: 1.000
2025-06-09 11:55:13,503 - INFO - Тестовые метрики GB: Accuracy=0.726, F1=0.732, Precision=0.721, Recall=0.743, ROC_AUC=0.762, PR_AUC=0.737
2025-06-09 11:55:13,643 - INFO - Важность признаков сохранена: figures/feature_importance_ic50_median_gb.png
2025-06-09 11:55:13,643 - INFO - Обучающая модель LR
2025-06-09 11:55:17,365 - INFO - Лучшие параметры для LR: {'C': 0.002170949196821752}
2025-06-09 11:55:17,379 - INFO - Обучающий F1 для LR: 0.708
2025-06-09 11:55:17,379 - INFO - Тестовые метрики LR: Accuracy=0.667, F1=0.676, Precision=0.660, Recall=0.693, ROC_AUC=0.736, PR_AUC=0.727
2025-06-09 11:55:17,380 - INFO - Обучение моделирования
2025-06-09 11:55:19,279 - INFO - Метрики ансамбля: Accuracy=0.726, F1=0.739
2025-06-09 11:55:19,387 - INFO - Матрица ошибок сохранена: figures/confusion_matrix_ic50_median_lgb.png
2025-06-09 11:55:19,495 - INFO - ROC кривая сохранена: figures/roc_curve_ic50_median_lgb.png
2025-06-09 11:55:19,501 - INFO - Результаты классификации IC50_median:
    Model  Accuracy     F1  Precision  Recall  ROC_AUC  PR_AUC
0      RF     0.731  0.740      0.720   0.762    0.777   0.732
1     XGB     0.706  0.715      0.698   0.733    0.760   0.716
2     LGB     0.746  0.754      0.736   0.772    0.776   0.713
3      GB     0.726  0.732      0.721   0.743    0.762   0.737
4      LR     0.667  0.676      0.660   0.693    0.736   0.727
5  Voting     0.726  0.739      0.709   0.772    0.783   0.741
