2025-06-09 11:55:23,369 - INFO - Загрузка данных
2025-06-09 11:55:23,391 - INFO - Медиана CC50: 411.04, доля положительного класса: 50.05%
2025-06-09 11:55:23,396 - INFO - Разделение данных: train=800, test=201
2025-06-09 11:55:23,402 - INFO - Признаки стандартизированы
2025-06-09 11:55:23,402 - INFO - Баланс классов: {1: 0.5, 0: 0.5}
2025-06-09 11:55:23,402 - INFO - Классы сбалансированы, SMOTE не требуется
2025-06-09 11:55:23,402 - INFO - Обучение RF
2025-06-09 11:56:27,450 - INFO - Лучшие параметры для RF: {'n_estimators': 63, 'max_depth': 10, 'min_samples_split': 4, 'min_samples_leaf': 3}
2025-06-09 11:56:27,643 - INFO - Обучающий F1 для RF: 0.927
2025-06-09 11:56:27,643 - INFO - Тестовые метрики RF: Accuracy=0.761, F1=0.767, Precision=0.752, Recall=0.782, ROC_AUC=0.852, PR_AUC=0.858
2025-06-09 11:56:27,798 - INFO - Важность признаков сохранена: figures/feature_importance_cc50_median_rf.png
2025-06-09 11:56:27,798 - INFO - Обучение XGB
2025-06-09 11:57:13,668 - INFO - Лучшие параметры для XGB: {'n_estimators': 90, 'max_depth': 5, 'learning_rate': 0.010339958135606578, 'reg_lambda': 48.92294817216225, 'reg_alpha': 0.7097483076267218}
2025-06-09 11:57:13,818 - INFO - Обучающий F1 для XGB: 0.831
2025-06-09 11:57:13,818 - INFO - Тестовые метрики XGB: Accuracy=0.741, F1=0.764, Precision=0.706, Recall=0.832, ROC_AUC=0.826, PR_AUC=0.812
2025-06-09 11:57:13,942 - INFO - Важность признаков сохранена: figures/feature_importance_cc50_median_xgb.png
2025-06-09 11:57:13,942 - INFO - Обучение LGB
2025-06-09 11:57:25,033 - INFO - Лучшие параметры для LGB: {'n_estimators': 78, 'max_depth': 6, 'learning_rate': 0.02485073614062925, 'num_leaves': 23, 'min_child_samples': 86}
2025-06-09 11:57:25,081 - INFO - Обучающий F1 для LGB: 0.827
2025-06-09 11:57:25,081 - INFO - Тестовые метрики LGB: Accuracy=0.741, F1=0.750, Precision=0.729, Recall=0.772, ROC_AUC=0.836, PR_AUC=0.836
2025-06-09 11:57:25,205 - INFO - Важность признаков сохранена: figures/feature_importance_cc50_median_lgb.png
2025-06-09 11:57:25,205 - INFO - Обучение GB
2025-06-09 12:03:31,129 - INFO - Лучшие параметры для GB: {'n_estimators': 65, 'max_depth': 3, 'learning_rate': 0.11270229150523546, 'min_samples_split': 8}
2025-06-09 12:03:31,888 - INFO - Обучающий F1 для GB: 0.920
2025-06-09 12:03:31,888 - INFO - Тестовые метрики GB: Accuracy=0.766, F1=0.771, Precision=0.760, Recall=0.782, ROC_AUC=0.872, PR_AUC=0.871
2025-06-09 12:03:32,018 - INFO - Важность признаков сохранена: figures/feature_importance_cc50_median_gb.png
2025-06-09 12:03:32,018 - INFO - Обучение LR
2025-06-09 12:03:35,582 - INFO - Лучшие параметры для LR: {'C': 0.049021249508194774}
2025-06-09 12:03:35,602 - INFO - Обучающий F1 для LR: 0.795
2025-06-09 12:03:35,602 - INFO - Тестовые метрики LR: Accuracy=0.746, F1=0.763, Precision=0.719, Recall=0.812, ROC_AUC=0.838, PR_AUC=0.838
2025-06-09 12:03:35,603 - INFO - Обучение ансамбля
2025-06-09 12:03:37,516 - INFO - Метрики ансамбля: Accuracy=0.776, F1=0.785
2025-06-09 12:03:37,627 - INFO - Матрица ошибок сохранена: figures/confusion_matrix_cc50_median_gb.png
2025-06-09 12:03:37,732 - INFO - ROC кривая сохранена: figures/roc_curve_cc50_median_gb.png
2025-06-09 12:03:37,738 - INFO - Результаты классификации CC50_median:
    Model  Accuracy     F1  Precision  Recall  ROC_AUC  PR_AUC
0      RF     0.761  0.767      0.752   0.782    0.852   0.858
1     XGB     0.741  0.764      0.706   0.832    0.826   0.812
2     LGB     0.741  0.750      0.729   0.772    0.836   0.836
3      GB     0.766  0.771      0.760   0.782    0.872   0.871
4      LR     0.746  0.763      0.719   0.812    0.838   0.838
5  Voting     0.776  0.785      0.759   0.812    0.875   0.869
