2025-06-09 12:26:50,088 - INFO - Базовые пути: project_dir=D:\ML_coursework\qsar_an1, figures_dir=D:\ML_coursework\qsar_an1\figures, base_dir=D:\ML_coursework\qsar_an1\results
2025-06-09 12:26:50,090 - INFO - Начало конвертации D:\ML_coursework\qsar_an1\results\report.md в PDF
2025-06-09 12:26:50,124 - INFO - Изображение найдено: D:\ML_coursework\qsar_an1\figures\dataset_before_processing.png
2025-06-09 12:26:50,124 - INFO - Изображение найдено: D:\ML_coursework\qsar_an1\figures\boxplot_targets.png
2025-06-09 12:26:50,124 - INFO - Изображение найдено: D:\ML_coursework\qsar_an1\figures\dataset_after_processing.png
2025-06-09 12:26:50,124 - INFO - Изображение найдено: D:\ML_coursework\qsar_an1\figures\log_ic50_distribution.png
2025-06-09 12:26:50,126 - INFO - Изображение найдено: D:\ML_coursework\qsar_an1\figures\log_cc50_distribution.png
2025-06-09 12:26:50,126 - INFO - Изображение найдено: D:\ML_coursework\qsar_an1\figures\log_si_distribution.png
2025-06-09 12:26:50,126 - INFO - Изображение найдено: D:\ML_coursework\qsar_an1\figures\feature_importance_log_cc50_rf.png
2025-06-09 12:26:50,127 - INFO - Изображение найдено: D:\ML_coursework\qsar_an1\figures\feature_importance_log_cc50_gb.png
2025-06-09 12:26:50,127 - INFO - Изображение найдено: D:\ML_coursework\qsar_an1\figures\feature_importance_log_cc50_lgb.png
2025-06-09 12:26:50,127 - INFO - Изображение найдено: D:\ML_coursework\qsar_an1\figures\feature_importance_log_cc50_xgb.png
2025-06-09 12:26:50,127 - INFO - Изображение найдено: D:\ML_coursework\qsar_an1\figures\feature_importance_log_ic50_rf.png
2025-06-09 12:26:50,127 - INFO - Изображение найдено: D:\ML_coursework\qsar_an1\figures\feature_importance_log_ic50_gb.png
2025-06-09 12:26:50,127 - INFO - Изображение найдено: D:\ML_coursework\qsar_an1\figures\feature_importance_log_ic50_lgb.png
2025-06-09 12:26:50,127 - INFO - Изображение найдено: D:\ML_coursework\qsar_an1\figures\feature_importance_log_ic50_xgb.png
2025-06-09 12:26:50,127 - INFO - Изображение найдено: D:\ML_coursework\qsar_an1\figures\feature_importance_log_si_rf.png
2025-06-09 12:26:50,127 - INFO - Изображение найдено: D:\ML_coursework\qsar_an1\figures\feature_importance_log_si_gb.png
2025-06-09 12:26:50,127 - INFO - Изображение найдено: D:\ML_coursework\qsar_an1\figures\feature_importance_log_si_lgb.png
2025-06-09 12:26:50,127 - INFO - Изображение найдено: D:\ML_coursework\qsar_an1\figures\feature_importance_log_si_xgb.png
2025-06-09 12:26:50,127 - INFO - Изображение найдено: D:\ML_coursework\qsar_an1\figures\pred_vs_true_log_si_rf.png
2025-06-09 12:26:50,127 - INFO - Изображение найдено: D:\ML_coursework\qsar_an1\figures\confusion_matrix_ic50_median_lgb.png
2025-06-09 12:26:50,128 - INFO - Изображение найдено: D:\ML_coursework\qsar_an1\figures\roc_curve_ic50_median_lgb.png
2025-06-09 12:26:50,128 - INFO - Изображение найдено: D:\ML_coursework\qsar_an1\figures\feature_importance_ic50_median_lgb.png
2025-06-09 12:26:50,128 - INFO - Изображение найдено: D:\ML_coursework\qsar_an1\figures\feature_importance_cc50_median_rf.png
2025-06-09 12:26:50,128 - INFO - Изображение найдено: D:\ML_coursework\qsar_an1\figures\feature_importance_cc50_median_lgb.png
2025-06-09 12:26:50,128 - INFO - Изображение найдено: D:\ML_coursework\qsar_an1\figures\confusion_matrix_si_median_rf.png
2025-06-09 12:26:50,128 - INFO - Изображение найдено: D:\ML_coursework\qsar_an1\figures\roc_curve_si_median_rf.png
2025-06-09 12:26:50,128 - INFO - Изображение найдено: D:\ML_coursework\qsar_an1\figures\feature_importance_si_median_rf.png
2025-06-09 12:26:50,128 - INFO - Изображение найдено: D:\ML_coursework\qsar_an1\figures\confusion_matrix_si_median_xgb.png
2025-06-09 12:26:50,128 - INFO - Изображение найдено: D:\ML_coursework\qsar_an1\figures\roc_curve_si_median_xgb.png
2025-06-09 12:26:50,128 - INFO - Изображение найдено: D:\ML_coursework\qsar_an1\figures\feature_importance_si_median_xgb.png
2025-06-09 12:26:50,128 - INFO - Изображение найдено: D:\ML_coursework\qsar_an1\figures\confusion_matrix_si_median_lgb.png
2025-06-09 12:26:50,128 - INFO - Изображение найдено: D:\ML_coursework\qsar_an1\figures\roc_curve_si_median_lgb.png
2025-06-09 12:26:50,128 - INFO - Изображение найдено: D:\ML_coursework\qsar_an1\figures\feature_importance_si_median_lgb.png
2025-06-09 12:26:50,129 - INFO - Изображение найдено: D:\ML_coursework\qsar_an1\figures\confusion_matrix_si_median_gb.png
2025-06-09 12:26:50,129 - INFO - Изображение найдено: D:\ML_coursework\qsar_an1\figures\roc_curve_si_median_gb.png
2025-06-09 12:26:50,129 - INFO - Изображение найдено: D:\ML_coursework\qsar_an1\figures\feature_importance_si_median_gb.png
2025-06-09 12:26:50,129 - INFO - Изображение найдено: D:\ML_coursework\qsar_an1\figures\confusion_matrix_si_median_lr.png
2025-06-09 12:26:50,129 - INFO - Изображение найдено: D:\ML_coursework\qsar_an1\figures\roc_curve_si_median_lr.png
2025-06-09 12:26:50,129 - INFO - Изображение найдено: D:\ML_coursework\qsar_an1\figures\confusion_matrix_si_median_voting.png
2025-06-09 12:26:50,129 - INFO - Изображение найдено: D:\ML_coursework\qsar_an1\figures\roc_curve_si_median_voting.png
2025-06-09 12:26:50,130 - INFO - Временный HTML сохранен: D:\ML_coursework\qsar_an1\results\temp_report_20250609_122650.html
2025-06-09 12:26:50,328 - DEBUG - STREAM b'IHDR' 16 13
2025-06-09 12:26:50,328 - DEBUG - STREAM b'tEXt' 41 58
2025-06-09 12:26:50,328 - DEBUG - STREAM b'pHYs' 111 9
2025-06-09 12:26:50,328 - DEBUG - STREAM b'IDAT' 132 65536
2025-06-09 12:26:50,336 - DEBUG - STREAM b'IHDR' 16 13
2025-06-09 12:26:50,336 - DEBUG - STREAM b'tEXt' 41 58
2025-06-09 12:26:50,336 - DEBUG - STREAM b'pHYs' 111 9
2025-06-09 12:26:50,336 - DEBUG - STREAM b'IDAT' 132 14266
2025-06-09 12:26:50,347 - DEBUG - STREAM b'IHDR' 16 13
2025-06-09 12:26:50,347 - DEBUG - STREAM b'tEXt' 41 58
2025-06-09 12:26:50,347 - DEBUG - STREAM b'pHYs' 111 9
2025-06-09 12:26:50,347 - DEBUG - STREAM b'IDAT' 132 65536
2025-06-09 12:26:50,354 - DEBUG - STREAM b'IHDR' 16 13
2025-06-09 12:26:50,354 - DEBUG - STREAM b'tEXt' 41 58
2025-06-09 12:26:50,354 - DEBUG - STREAM b'pHYs' 111 9
2025-06-09 12:26:50,354 - DEBUG - STREAM b'IDAT' 132 27409
2025-06-09 12:26:50,362 - DEBUG - STREAM b'IHDR' 16 13
2025-06-09 12:26:50,362 - DEBUG - STREAM b'tEXt' 41 58
2025-06-09 12:26:50,362 - DEBUG - STREAM b'pHYs' 111 9
2025-06-09 12:26:50,362 - DEBUG - STREAM b'IDAT' 132 30845
2025-06-09 12:26:50,369 - DEBUG - STREAM b'IHDR' 16 13
2025-06-09 12:26:50,369 - DEBUG - STREAM b'tEXt' 41 58
2025-06-09 12:26:50,369 - DEBUG - STREAM b'pHYs' 111 9
2025-06-09 12:26:50,369 - DEBUG - STREAM b'IDAT' 132 27240
2025-06-09 12:26:50,380 - DEBUG - STREAM b'IHDR' 16 13
2025-06-09 12:26:50,380 - DEBUG - STREAM b'tEXt' 41 58
2025-06-09 12:26:50,380 - DEBUG - STREAM b'pHYs' 111 9
2025-06-09 12:26:50,380 - DEBUG - STREAM b'IDAT' 132 26469
2025-06-09 12:26:50,387 - DEBUG - STREAM b'IHDR' 16 13
2025-06-09 12:26:50,387 - DEBUG - STREAM b'tEXt' 41 58
2025-06-09 12:26:50,387 - DEBUG - STREAM b'pHYs' 111 9
2025-06-09 12:26:50,387 - DEBUG - STREAM b'IDAT' 132 26416
2025-06-09 12:26:50,393 - DEBUG - STREAM b'IHDR' 16 13
2025-06-09 12:26:50,394 - DEBUG - STREAM b'tEXt' 41 58
2025-06-09 12:26:50,394 - DEBUG - STREAM b'pHYs' 111 9
2025-06-09 12:26:50,394 - DEBUG - STREAM b'IDAT' 132 26777
2025-06-09 12:26:50,400 - DEBUG - STREAM b'IHDR' 16 13
2025-06-09 12:26:50,401 - DEBUG - STREAM b'tEXt' 41 58
2025-06-09 12:26:50,401 - DEBUG - STREAM b'pHYs' 111 9
2025-06-09 12:26:50,401 - DEBUG - STREAM b'IDAT' 132 27917
2025-06-09 12:26:50,410 - DEBUG - STREAM b'IHDR' 16 13
2025-06-09 12:26:50,410 - DEBUG - STREAM b'tEXt' 41 58
2025-06-09 12:26:50,410 - DEBUG - STREAM b'pHYs' 111 9
2025-06-09 12:26:50,410 - DEBUG - STREAM b'IDAT' 132 26459
2025-06-09 12:26:50,416 - DEBUG - STREAM b'IHDR' 16 13
2025-06-09 12:26:50,417 - DEBUG - STREAM b'tEXt' 41 58
2025-06-09 12:26:50,417 - DEBUG - STREAM b'pHYs' 111 9
2025-06-09 12:26:50,417 - DEBUG - STREAM b'IDAT' 132 26896
2025-06-09 12:26:50,423 - DEBUG - STREAM b'IHDR' 16 13
2025-06-09 12:26:50,424 - DEBUG - STREAM b'tEXt' 41 58
2025-06-09 12:26:50,424 - DEBUG - STREAM b'pHYs' 111 9
2025-06-09 12:26:50,424 - DEBUG - STREAM b'IDAT' 132 26753
2025-06-09 12:26:50,430 - DEBUG - STREAM b'IHDR' 16 13
2025-06-09 12:26:50,430 - DEBUG - STREAM b'tEXt' 41 58
2025-06-09 12:26:50,430 - DEBUG - STREAM b'pHYs' 111 9
2025-06-09 12:26:50,431 - DEBUG - STREAM b'IDAT' 132 27373
2025-06-09 12:26:50,439 - DEBUG - STREAM b'IHDR' 16 13
2025-06-09 12:26:50,439 - DEBUG - STREAM b'tEXt' 41 58
2025-06-09 12:26:50,439 - DEBUG - STREAM b'pHYs' 111 9
2025-06-09 12:26:50,439 - DEBUG - STREAM b'IDAT' 132 26141
2025-06-09 12:26:50,447 - DEBUG - STREAM b'IHDR' 16 13
2025-06-09 12:26:50,447 - DEBUG - STREAM b'tEXt' 41 58
2025-06-09 12:26:50,447 - DEBUG - STREAM b'pHYs' 111 9
2025-06-09 12:26:50,447 - DEBUG - STREAM b'IDAT' 132 26318
2025-06-09 12:26:50,453 - DEBUG - STREAM b'IHDR' 16 13
2025-06-09 12:26:50,453 - DEBUG - STREAM b'tEXt' 41 58
2025-06-09 12:26:50,453 - DEBUG - STREAM b'pHYs' 111 9
2025-06-09 12:26:50,453 - DEBUG - STREAM b'IDAT' 132 26618
2025-06-09 12:26:50,460 - DEBUG - STREAM b'IHDR' 16 13
2025-06-09 12:26:50,460 - DEBUG - STREAM b'tEXt' 41 58
2025-06-09 12:26:50,460 - DEBUG - STREAM b'pHYs' 111 9
2025-06-09 12:26:50,460 - DEBUG - STREAM b'IDAT' 132 27231
2025-06-09 12:26:50,467 - DEBUG - STREAM b'IHDR' 16 13
2025-06-09 12:26:50,467 - DEBUG - STREAM b'tEXt' 41 58
2025-06-09 12:26:50,467 - DEBUG - STREAM b'pHYs' 111 9
2025-06-09 12:26:50,467 - DEBUG - STREAM b'IDAT' 132 45681
2025-06-09 12:26:50,477 - DEBUG - STREAM b'IHDR' 16 13
2025-06-09 12:26:50,477 - DEBUG - STREAM b'tEXt' 41 58
2025-06-09 12:26:50,477 - DEBUG - STREAM b'pHYs' 111 9
2025-06-09 12:26:50,477 - DEBUG - STREAM b'IDAT' 132 19241
2025-06-09 12:26:50,483 - DEBUG - STREAM b'IHDR' 16 13
2025-06-09 12:26:50,483 - DEBUG - STREAM b'tEXt' 41 58
2025-06-09 12:26:50,483 - DEBUG - STREAM b'pHYs' 111 9
2025-06-09 12:26:50,483 - DEBUG - STREAM b'IDAT' 132 33805
2025-06-09 12:26:50,490 - DEBUG - STREAM b'IHDR' 16 13
2025-06-09 12:26:50,490 - DEBUG - STREAM b'tEXt' 41 58
2025-06-09 12:26:50,491 - DEBUG - STREAM b'pHYs' 111 9
2025-06-09 12:26:50,491 - DEBUG - STREAM b'IDAT' 132 27006
2025-06-09 12:26:50,500 - DEBUG - STREAM b'IHDR' 16 13
2025-06-09 12:26:50,500 - DEBUG - STREAM b'tEXt' 41 58
2025-06-09 12:26:50,500 - DEBUG - STREAM b'pHYs' 111 9
2025-06-09 12:26:50,500 - DEBUG - STREAM b'IDAT' 132 27467
2025-06-09 12:26:50,507 - DEBUG - STREAM b'IHDR' 16 13
2025-06-09 12:26:50,507 - DEBUG - STREAM b'tEXt' 41 58
2025-06-09 12:26:50,507 - DEBUG - STREAM b'pHYs' 111 9
2025-06-09 12:26:50,507 - DEBUG - STREAM b'IDAT' 132 27604
2025-06-09 12:26:50,516 - DEBUG - STREAM b'IHDR' 16 13
2025-06-09 12:26:50,516 - DEBUG - STREAM b'tEXt' 41 58
2025-06-09 12:26:50,516 - DEBUG - STREAM b'pHYs' 111 9
2025-06-09 12:26:50,516 - DEBUG - STREAM b'IDAT' 132 20388
2025-06-09 12:26:50,523 - DEBUG - STREAM b'IHDR' 16 13
2025-06-09 12:26:50,523 - DEBUG - STREAM b'tEXt' 41 58
2025-06-09 12:26:50,523 - DEBUG - STREAM b'pHYs' 111 9
2025-06-09 12:26:50,523 - DEBUG - STREAM b'IDAT' 132 34020
2025-06-09 12:26:50,530 - DEBUG - STREAM b'IHDR' 16 13
2025-06-09 12:26:50,530 - DEBUG - STREAM b'tEXt' 41 58
2025-06-09 12:26:50,530 - DEBUG - STREAM b'pHYs' 111 9
2025-06-09 12:26:50,530 - DEBUG - STREAM b'IDAT' 132 25847
2025-06-09 12:26:50,537 - DEBUG - STREAM b'IHDR' 16 13
2025-06-09 12:26:50,537 - DEBUG - STREAM b'tEXt' 41 58
2025-06-09 12:26:50,537 - DEBUG - STREAM b'pHYs' 111 9
2025-06-09 12:26:50,537 - DEBUG - STREAM b'IDAT' 132 20909
2025-06-09 12:26:50,544 - DEBUG - STREAM b'IHDR' 16 13
2025-06-09 12:26:50,544 - DEBUG - STREAM b'tEXt' 41 58
2025-06-09 12:26:50,544 - DEBUG - STREAM b'pHYs' 111 9
2025-06-09 12:26:50,544 - DEBUG - STREAM b'IDAT' 132 35034
2025-06-09 12:26:50,550 - DEBUG - STREAM b'IHDR' 16 13
2025-06-09 12:26:50,550 - DEBUG - STREAM b'tEXt' 41 58
2025-06-09 12:26:50,550 - DEBUG - STREAM b'pHYs' 111 9
2025-06-09 12:26:50,550 - DEBUG - STREAM b'IDAT' 132 27501
2025-06-09 12:26:50,557 - DEBUG - STREAM b'IHDR' 16 13
2025-06-09 12:26:50,557 - DEBUG - STREAM b'tEXt' 41 58
2025-06-09 12:26:50,557 - DEBUG - STREAM b'pHYs' 111 9
2025-06-09 12:26:50,557 - DEBUG - STREAM b'IDAT' 132 19990
2025-06-09 12:26:50,563 - DEBUG - STREAM b'IHDR' 16 13
2025-06-09 12:26:50,563 - DEBUG - STREAM b'tEXt' 41 58
2025-06-09 12:26:50,564 - DEBUG - STREAM b'pHYs' 111 9
2025-06-09 12:26:50,564 - DEBUG - STREAM b'IDAT' 132 34512
2025-06-09 12:26:50,570 - DEBUG - STREAM b'IHDR' 16 13
2025-06-09 12:26:50,570 - DEBUG - STREAM b'tEXt' 41 58
2025-06-09 12:26:50,570 - DEBUG - STREAM b'pHYs' 111 9
2025-06-09 12:26:50,570 - DEBUG - STREAM b'IDAT' 132 26771
2025-06-09 12:26:50,578 - DEBUG - STREAM b'IHDR' 16 13
2025-06-09 12:26:50,578 - DEBUG - STREAM b'tEXt' 41 58
2025-06-09 12:26:50,578 - DEBUG - STREAM b'pHYs' 111 9
2025-06-09 12:26:50,578 - DEBUG - STREAM b'IDAT' 132 18484
2025-06-09 12:26:50,584 - DEBUG - STREAM b'IHDR' 16 13
2025-06-09 12:26:50,585 - DEBUG - STREAM b'tEXt' 41 58
2025-06-09 12:26:50,585 - DEBUG - STREAM b'pHYs' 111 9
2025-06-09 12:26:50,585 - DEBUG - STREAM b'IDAT' 132 34394
2025-06-09 12:26:50,591 - DEBUG - STREAM b'IHDR' 16 13
2025-06-09 12:26:50,591 - DEBUG - STREAM b'tEXt' 41 58
2025-06-09 12:26:50,591 - DEBUG - STREAM b'pHYs' 111 9
2025-06-09 12:26:50,591 - DEBUG - STREAM b'IDAT' 132 26405
2025-06-09 12:26:50,598 - DEBUG - STREAM b'IHDR' 16 13
2025-06-09 12:26:50,598 - DEBUG - STREAM b'tEXt' 41 58
2025-06-09 12:26:50,598 - DEBUG - STREAM b'pHYs' 111 9
2025-06-09 12:26:50,598 - DEBUG - STREAM b'IDAT' 132 19575
2025-06-09 12:26:50,605 - DEBUG - STREAM b'IHDR' 16 13
2025-06-09 12:26:50,605 - DEBUG - STREAM b'tEXt' 41 58
2025-06-09 12:26:50,605 - DEBUG - STREAM b'pHYs' 111 9
2025-06-09 12:26:50,605 - DEBUG - STREAM b'IDAT' 132 32304
2025-06-09 12:26:50,612 - DEBUG - STREAM b'IHDR' 16 13
2025-06-09 12:26:50,612 - DEBUG - STREAM b'tEXt' 41 58
2025-06-09 12:26:50,613 - DEBUG - STREAM b'pHYs' 111 9
2025-06-09 12:26:50,613 - DEBUG - STREAM b'IDAT' 132 20485
2025-06-09 12:26:50,619 - DEBUG - STREAM b'IHDR' 16 13
2025-06-09 12:26:50,620 - DEBUG - STREAM b'tEXt' 41 58
2025-06-09 12:26:50,620 - DEBUG - STREAM b'pHYs' 111 9
2025-06-09 12:26:50,620 - DEBUG - STREAM b'IDAT' 132 34715
2025-06-09 12:26:51,201 - DEBUG - Reading 'maxp' table from disk
2025-06-09 12:26:51,201 - DEBUG - Decompiling 'maxp' table
2025-06-09 12:26:51,202 - DEBUG - Took 0.000s to load 'maxp'
2025-06-09 12:26:51,202 - DEBUG - Took 0.000s to prune 'maxp'
2025-06-09 12:26:51,202 - INFO - maxp pruned
2025-06-09 12:26:51,203 - INFO - LTSH dropped
2025-06-09 12:26:51,204 - INFO - VDMX dropped
2025-06-09 12:26:51,204 - INFO - hdmx dropped
2025-06-09 12:26:51,204 - DEBUG - Reading 'cmap' table from disk
2025-06-09 12:26:51,204 - DEBUG - Decompiling 'cmap' table
2025-06-09 12:26:51,204 - DEBUG - Took 0.000s to load 'cmap'
2025-06-09 12:26:51,204 - DEBUG - Took 0.000s to prune 'cmap'
2025-06-09 12:26:51,204 - INFO - cmap pruned
2025-06-09 12:26:51,204 - INFO - fpgm dropped
2025-06-09 12:26:51,204 - INFO - prep dropped
2025-06-09 12:26:51,204 - INFO - cvt  dropped
2025-06-09 12:26:51,204 - INFO - kern dropped
2025-06-09 12:26:51,204 - DEBUG - Reading 'post' table from disk
2025-06-09 12:26:51,204 - DEBUG - Decompiling 'post' table
2025-06-09 12:26:51,204 - DEBUG - Took 0.000s to load 'post'
2025-06-09 12:26:51,204 - DEBUG - Took 0.000s to prune 'post'
2025-06-09 12:26:51,205 - INFO - post pruned
2025-06-09 12:26:51,206 - INFO - PCLT dropped
2025-06-09 12:26:51,206 - INFO - JSTF dropped
2025-06-09 12:26:51,207 - INFO - DSIG dropped
2025-06-09 12:26:51,207 - INFO - GPOS dropped
2025-06-09 12:26:51,208 - INFO - GSUB dropped
2025-06-09 12:26:51,208 - DEBUG - Reading 'glyf' table from disk
2025-06-09 12:26:51,208 - DEBUG - Decompiling 'glyf' table
2025-06-09 12:26:51,208 - DEBUG - Reading 'loca' table from disk
2025-06-09 12:26:51,208 - DEBUG - Decompiling 'loca' table
2025-06-09 12:26:51,208 - DEBUG - Reading 'head' table from disk
2025-06-09 12:26:51,208 - DEBUG - Decompiling 'head' table
2025-06-09 12:26:51,210 - DEBUG - Reading 'cmap' table from disk
2025-06-09 12:26:51,210 - DEBUG - Decompiling 'cmap' table
2025-06-09 12:26:51,230 - DEBUG - Took 0.022s to load 'glyf'
2025-06-09 12:26:51,230 - DEBUG - Took 0.000s to prune 'glyf'
2025-06-09 12:26:51,230 - INFO - glyf pruned
2025-06-09 12:26:51,233 - DEBUG - Took 0.003s to close glyph list over 'cmap'
2025-06-09 12:26:51,233 - INFO - Added gid0 to subset
2025-06-09 12:26:51,233 - INFO - Closing glyph list over 'glyf': 80 glyphs before
2025-06-09 12:26:51,233 - INFO - Glyph names: ['.notdef', 'A', 'C', 'E', 'F', 'I', 'M', 'O', 'P', 'Q', 'R', 'S', 'U', 'a', 'c', 'd', 'e', 'eight', 'five', 'g', 'greater', 'hyphen', 'i', 'l', 'm', 'n', 'o', 'one', 'parenleft', 'parenright', 'r', 's', 'space', 'two', 'u', 'underscore', 'uni0410', 'uni0412', 'uni0417', 'uni041A', 'uni041C', 'uni041D', 'uni041E', 'uni041F', 'uni0420', 'uni0422', 'uni0425', 'uni042D', 'uni0430', 'uni0431', 'uni0432', 'uni0433', 'uni0434', 'uni0435', 'uni0436', 'uni0437', 'uni0438', 'uni0439', 'uni043A', 'uni043B', 'uni043C', 'uni043D', 'uni043E', 'uni043F', 'uni0440', 'uni0441', 'uni0442', 'uni0443', 'uni0444', 'uni0445', 'uni0446', 'uni0447', 'uni0449', 'uni044B', 'uni044C', 'uni044D', 'uni044E', 'uni044F', 'y', 'zero']
2025-06-09 12:26:51,234 - INFO - Glyph IDs:   [0, 3, 11, 12, 16, 19, 20, 21, 24, 27, 33, 36, 38, 40, 41, 44, 48, 50, 51, 52, 53, 54, 56, 66, 68, 70, 71, 72, 74, 76, 79, 80, 81, 82, 85, 86, 88, 92, 570, 572, 577, 580, 582, 583, 584, 585, 586, 588, 591, 599, 602, 603, 604, 605, 606, 607, 608, 609, 610, 611, 612, 613, 614, 615, 616, 617, 618, 619, 620, 621, 622, 623, 624, 625, 627, 629, 630, 631, 632, 633]
2025-06-09 12:26:51,234 - INFO - Closed glyph list over 'glyf': 87 glyphs after
2025-06-09 12:26:51,234 - INFO - Glyph names: ['.notdef', 'A', 'B', 'C', 'E', 'F', 'H', 'I', 'M', 'O', 'P', 'Q', 'R', 'S', 'T', 'U', 'X', 'a', 'breve', 'c', 'd', 'e', 'eight', 'five', 'g', 'greater', 'hyphen', 'i', 'l', 'm', 'n', 'o', 'one', 'p', 'parenleft', 'parenright', 'r', 's', 'space', 'two', 'u', 'underscore', 'uni0410', 'uni0412', 'uni0417', 'uni041A', 'uni041C', 'uni041D', 'uni041E', 'uni041F', 'uni0420', 'uni0422', 'uni0425', 'uni042D', 'uni0430', 'uni0431', 'uni0432', 'uni0433', 'uni0434', 'uni0435', 'uni0436', 'uni0437', 'uni0438', 'uni0439', 'uni043A', 'uni043B', 'uni043C', 'uni043D', 'uni043E', 'uni043F', 'uni0440', 'uni0441', 'uni0442', 'uni0443', 'uni0444', 'uni0445', 'uni0446', 'uni0447', 'uni0449', 'uni044B', 'uni044C', 'uni044D', 'uni044E', 'uni044F', 'x', 'y', 'zero']
2025-06-09 12:26:51,234 - INFO - Glyph IDs:   [0, 3, 11, 12, 16, 19, 20, 21, 24, 27, 33, 36, 37, 38, 40, 41, 43, 44, 48, 50, 51, 52, 53, 54, 55, 56, 59, 66, 68, 70, 71, 72, 74, 76, 79, 80, 81, 82, 83, 85, 86, 88, 91, 92, 217, 570, 572, 577, 580, 582, 583, 584, 585, 586, 588, 591, 599, 602, 603, 604, 605, 606, 607, 608, 609, 610, 611, 612, 613, 614, 615, 616, 617, 618, 619, 620, 621, 622, 623, 624, 625, 627, 629, 630, 631, 632, 633]
2025-06-09 12:26:51,234 - DEBUG - Took 0.001s to close glyph list over 'glyf'
2025-06-09 12:26:51,236 - INFO - Retaining 87 glyphs
2025-06-09 12:26:51,236 - INFO - head subsetting not needed
2025-06-09 12:26:51,236 - INFO - hhea subsetting not needed
2025-06-09 12:26:51,236 - INFO - maxp subsetting not needed
2025-06-09 12:26:51,236 - INFO - OS/2 subsetting not needed
2025-06-09 12:26:51,236 - DEBUG - Reading 'hmtx' table from disk
2025-06-09 12:26:51,237 - DEBUG - Decompiling 'hmtx' table
2025-06-09 12:26:51,237 - DEBUG - Reading 'hhea' table from disk
2025-06-09 12:26:51,237 - DEBUG - Decompiling 'hhea' table
2025-06-09 12:26:51,239 - DEBUG - Took 0.003s to subset 'hmtx'
2025-06-09 12:26:51,239 - INFO - hmtx subsetted
2025-06-09 12:26:51,240 - DEBUG - Took 0.001s to subset 'cmap'
2025-06-09 12:26:51,240 - INFO - cmap subsetted
2025-06-09 12:26:51,240 - INFO - loca subsetting not needed
2025-06-09 12:26:51,240 - DEBUG - Took 0.000s to subset 'post'
2025-06-09 12:26:51,240 - INFO - post subsetted
2025-06-09 12:26:51,240 - INFO - gasp subsetting not needed
2025-06-09 12:26:51,241 - INFO - meta NOT subset; don't know how to subset
2025-06-09 12:26:51,241 - DEBUG - Reading 'GDEF' table from disk
2025-06-09 12:26:51,241 - DEBUG - Decompiling 'GDEF' table
2025-06-09 12:26:51,242 - DEBUG - Took 0.002s to subset 'GDEF'
2025-06-09 12:26:51,243 - INFO - GDEF subsetted
2025-06-09 12:26:51,243 - INFO - name subsetting not needed
2025-06-09 12:26:51,244 - DEBUG - Took 0.001s to subset 'glyf'
2025-06-09 12:26:51,244 - INFO - glyf subsetted
2025-06-09 12:26:51,244 - DEBUG - Took 0.000s to subset GlyphOrder
2025-06-09 12:26:51,244 - DEBUG - Took 0.000s to prune 'head'
2025-06-09 12:26:51,244 - INFO - head pruned
2025-06-09 12:26:51,244 - DEBUG - Reading 'OS/2' table from disk
2025-06-09 12:26:51,244 - DEBUG - Decompiling 'OS/2' table
2025-06-09 12:26:51,245 - INFO - OS/2 Unicode ranges pruned: [0, 1, 9]
2025-06-09 12:26:51,245 - INFO - OS/2 CodePage ranges pruned: [0]
2025-06-09 12:26:51,246 - DEBUG - Took 0.001s to prune 'glyf'
2025-06-09 12:26:51,246 - INFO - glyf pruned
2025-06-09 12:26:51,246 - DEBUG - Took 0.000s to prune 'GDEF'
2025-06-09 12:26:51,246 - INFO - GDEF pruned
2025-06-09 12:26:51,246 - DEBUG - Reading 'name' table from disk
2025-06-09 12:26:51,246 - DEBUG - Decompiling 'name' table
2025-06-09 12:26:51,247 - DEBUG - Reading 'gasp' table from disk
2025-06-09 12:26:51,247 - DEBUG - Decompiling 'gasp' table
2025-06-09 12:26:51,247 - DEBUG - Reading 'meta' table from disk
2025-06-09 12:26:51,247 - DEBUG - Decompiling 'meta' table
2025-06-09 12:26:51,247 - DEBUG - Took 0.001s to prune 'name'
2025-06-09 12:26:51,247 - INFO - name pruned
2025-06-09 12:26:51,247 - DEBUG - Compiling 'glyf' table
2025-06-09 12:26:51,281 - DEBUG - Writing 'glyf' table to disk
2025-06-09 12:26:51,281 - DEBUG - Compiling 'maxp' table
2025-06-09 12:26:51,282 - DEBUG - Writing 'maxp' table to disk
2025-06-09 12:26:51,282 - DEBUG - Compiling 'loca' table
2025-06-09 12:26:51,282 - DEBUG - Writing 'loca' table to disk
2025-06-09 12:26:51,282 - DEBUG - Compiling 'head' table
2025-06-09 12:26:51,282 - DEBUG - Writing 'head' table to disk
2025-06-09 12:26:51,282 - DEBUG - Compiling 'hmtx' table
2025-06-09 12:26:51,283 - DEBUG - Writing 'hmtx' table to disk
2025-06-09 12:26:51,283 - DEBUG - Compiling 'hhea' table
2025-06-09 12:26:51,283 - DEBUG - Writing 'hhea' table to disk
2025-06-09 12:26:51,284 - DEBUG - Compiling 'OS/2' table
2025-06-09 12:26:51,284 - DEBUG - Writing 'OS/2' table to disk
2025-06-09 12:26:51,284 - DEBUG - Compiling 'cmap' table
2025-06-09 12:26:51,284 - DEBUG - Writing 'cmap' table to disk
2025-06-09 12:26:51,284 - DEBUG - Compiling 'name' table
2025-06-09 12:26:51,284 - DEBUG - Writing 'name' table to disk
2025-06-09 12:26:51,285 - DEBUG - Compiling 'post' table
2025-06-09 12:26:51,285 - DEBUG - Writing 'post' table to disk
2025-06-09 12:26:51,285 - DEBUG - Compiling 'gasp' table
2025-06-09 12:26:51,285 - DEBUG - Writing 'gasp' table to disk
2025-06-09 12:26:51,285 - DEBUG - Compiling 'GDEF' table
2025-06-09 12:26:51,285 - DEBUG - Writing 'GDEF' table to disk
2025-06-09 12:26:51,285 - DEBUG - Compiling 'meta' table
2025-06-09 12:26:51,286 - DEBUG - Writing 'meta' table to disk
2025-06-09 12:26:51,287 - DEBUG - Reading 'maxp' table from disk
2025-06-09 12:26:51,287 - DEBUG - Decompiling 'maxp' table
2025-06-09 12:26:51,287 - DEBUG - Took 0.000s to load 'maxp'
2025-06-09 12:26:51,287 - DEBUG - Took 0.000s to prune 'maxp'
2025-06-09 12:26:51,287 - INFO - maxp pruned
2025-06-09 12:26:51,287 - INFO - LTSH dropped
2025-06-09 12:26:51,287 - INFO - VDMX dropped
2025-06-09 12:26:51,287 - INFO - hdmx dropped
2025-06-09 12:26:51,287 - DEBUG - Reading 'cmap' table from disk
2025-06-09 12:26:51,287 - DEBUG - Decompiling 'cmap' table
2025-06-09 12:26:51,287 - DEBUG - Took 0.000s to load 'cmap'
2025-06-09 12:26:51,288 - DEBUG - Took 0.000s to prune 'cmap'
2025-06-09 12:26:51,288 - INFO - cmap pruned
2025-06-09 12:26:51,288 - INFO - fpgm dropped
2025-06-09 12:26:51,288 - INFO - prep dropped
2025-06-09 12:26:51,288 - INFO - cvt  dropped
2025-06-09 12:26:51,288 - INFO - kern dropped
2025-06-09 12:26:51,288 - DEBUG - Reading 'post' table from disk
2025-06-09 12:26:51,288 - DEBUG - Decompiling 'post' table
2025-06-09 12:26:51,288 - DEBUG - Took 0.000s to load 'post'
2025-06-09 12:26:51,288 - DEBUG - Took 0.000s to prune 'post'
2025-06-09 12:26:51,288 - INFO - post pruned
2025-06-09 12:26:51,288 - INFO - PCLT dropped
2025-06-09 12:26:51,288 - INFO - JSTF dropped
2025-06-09 12:26:51,288 - INFO - DSIG dropped
2025-06-09 12:26:51,288 - INFO - GPOS dropped
2025-06-09 12:26:51,288 - INFO - GSUB dropped
2025-06-09 12:26:51,288 - DEBUG - Reading 'glyf' table from disk
2025-06-09 12:26:51,289 - DEBUG - Decompiling 'glyf' table
2025-06-09 12:26:51,289 - DEBUG - Reading 'loca' table from disk
2025-06-09 12:26:51,289 - DEBUG - Decompiling 'loca' table
2025-06-09 12:26:51,289 - DEBUG - Reading 'head' table from disk
2025-06-09 12:26:51,289 - DEBUG - Decompiling 'head' table
2025-06-09 12:26:51,290 - DEBUG - Reading 'cmap' table from disk
2025-06-09 12:26:51,291 - DEBUG - Decompiling 'cmap' table
2025-06-09 12:26:51,301 - DEBUG - Took 0.013s to load 'glyf'
2025-06-09 12:26:51,301 - DEBUG - Took 0.000s to prune 'glyf'
2025-06-09 12:26:51,302 - INFO - glyf pruned
2025-06-09 12:26:51,304 - DEBUG - Took 0.003s to close glyph list over 'cmap'
2025-06-09 12:26:51,304 - INFO - Added gid0 to subset
2025-06-09 12:26:51,305 - INFO - Closing glyph list over 'glyf': 118 glyphs before
2025-06-09 12:26:51,305 - INFO - Glyph names: ['.notdef', 'A', 'B', 'C', 'D', 'E', 'F', 'G', 'H', 'I', 'L', 'M', 'N', 'O', 'P', 'Q', 'R', 'S', 'T', 'U', 'V', 'X', 'a', 'asciicircum', 'backslash', 'braceleft', 'braceright', 'bullet', 'c', 'colon', 'comma', 'd', 'e', 'eight', 'emdash', 'equal', 'f', 'five', 'four', 'g', 'greater', 'h', 'hyphen', 'i', 'k', 'l', 'less', 'lessequal', 'm', 'n', 'nine', 'o', 'one', 'openbullet', 'p', 'parenleft', 'parenright', 'percent', 'period', 'r', 's', 'seven', 'six', 'slash', 'space', 't', 'three', 'two', 'u', 'underscore', 'uni00B2', 'uni0412', 'uni0413', 'uni0414', 'uni0417', 'uni0418', 'uni041B', 'uni041C', 'uni041D', 'uni041E', 'uni041F', 'uni0420', 'uni0421', 'uni0423', 'uni0426', 'uni0430', 'uni0431', 'uni0432', 'uni0433', 'uni0434', 'uni0435', 'uni0436', 'uni0437', 'uni0438', 'uni0439', 'uni043A', 'uni043B', 'uni043C', 'uni043D', 'uni043E', 'uni043F', 'uni0440', 'uni0441', 'uni0442', 'uni0443', 'uni0444', 'uni0445', 'uni0446', 'uni0447', 'uni0448', 'uni0449', 'uni044B', 'uni044C', 'uni044D', 'uni044E', 'uni044F', 'y', 'zero']
2025-06-09 12:26:51,305 - INFO - Glyph IDs:   [0, 3, 8, 11, 12, 15, 16, 17, 18, 19, 20, 21, 22, 23, 24, 25, 26, 27, 28, 29, 31, 32, 33, 36, 37, 38, 39, 40, 41, 42, 43, 44, 47, 48, 49, 50, 51, 52, 53, 54, 55, 56, 57, 59, 63, 65, 66, 68, 70, 71, 72, 73, 74, 75, 76, 78, 79, 80, 81, 82, 83, 85, 86, 87, 88, 92, 94, 96, 135, 148, 178, 240, 405, 572, 573, 574, 577, 578, 581, 582, 583, 584, 585, 586, 587, 589, 592, 602, 603, 604, 605, 606, 607, 608, 609, 610, 611, 612, 613, 614, 615, 616, 617, 618, 619, 620, 621, 622, 623, 624, 625, 626, 627, 629, 630, 631, 632, 633]
2025-06-09 12:26:51,305 - INFO - Closed glyph list over 'glyf': 121 glyphs after
2025-06-09 12:26:51,305 - INFO - Glyph names: ['.notdef', 'A', 'B', 'C', 'D', 'E', 'F', 'G', 'H', 'I', 'L', 'M', 'N', 'O', 'P', 'Q', 'R', 'S', 'T', 'U', 'V', 'X', 'a', 'asciicircum', 'backslash', 'braceleft', 'braceright', 'breve', 'bullet', 'c', 'colon', 'comma', 'd', 'e', 'eight', 'emdash', 'equal', 'f', 'five', 'four', 'g', 'greater', 'h', 'hyphen', 'i', 'k', 'l', 'less', 'lessequal', 'm', 'n', 'nine', 'o', 'one', 'openbullet', 'p', 'parenleft', 'parenright', 'percent', 'period', 'r', 's', 'seven', 'six', 'slash', 'space', 't', 'three', 'two', 'u', 'underscore', 'uni00B2', 'uni0412', 'uni0413', 'uni0414', 'uni0417', 'uni0418', 'uni041B', 'uni041C', 'uni041D', 'uni041E', 'uni041F', 'uni0420', 'uni0421', 'uni0423', 'uni0426', 'uni0430', 'uni0431', 'uni0432', 'uni0433', 'uni0434', 'uni0435', 'uni0436', 'uni0437', 'uni0438', 'uni0439', 'uni043A', 'uni043B', 'uni043C', 'uni043D', 'uni043E', 'uni043F', 'uni0440', 'uni0441', 'uni0442', 'uni0443', 'uni0444', 'uni0445', 'uni0446', 'uni0447', 'uni0448', 'uni0449', 'uni044B', 'uni044C', 'uni044D', 'uni044E', 'uni044F', 'uni0454', 'x', 'y', 'zero']
2025-06-09 12:26:51,306 - INFO - Glyph IDs:   [0, 3, 8, 11, 12, 15, 16, 17, 18, 19, 20, 21, 22, 23, 24, 25, 26, 27, 28, 29, 31, 32, 33, 36, 37, 38, 39, 40, 41, 42, 43, 44, 47, 48, 49, 50, 51, 52, 53, 54, 55, 56, 57, 59, 63, 65, 66, 68, 70, 71, 72, 73, 74, 75, 76, 78, 79, 80, 81, 82, 83, 85, 86, 87, 88, 91, 92, 94, 96, 135, 148, 178, 217, 240, 405, 572, 573, 574, 577, 578, 581, 582, 583, 584, 585, 586, 587, 589, 592, 602, 603, 604, 605, 606, 607, 608, 609, 610, 611, 612, 613, 614, 615, 616, 617, 618, 619, 620, 621, 622, 623, 624, 625, 626, 627, 629, 630, 631, 632, 633, 637]
2025-06-09 12:26:51,306 - DEBUG - Took 0.001s to close glyph list over 'glyf'
2025-06-09 12:26:51,307 - INFO - Retaining 121 glyphs
2025-06-09 12:26:51,307 - INFO - head subsetting not needed
2025-06-09 12:26:51,308 - INFO - hhea subsetting not needed
2025-06-09 12:26:51,308 - INFO - maxp subsetting not needed
2025-06-09 12:26:51,308 - INFO - OS/2 subsetting not needed
2025-06-09 12:26:51,308 - DEBUG - Reading 'hmtx' table from disk
2025-06-09 12:26:51,308 - DEBUG - Decompiling 'hmtx' table
2025-06-09 12:26:51,308 - DEBUG - Reading 'hhea' table from disk
2025-06-09 12:26:51,308 - DEBUG - Decompiling 'hhea' table
2025-06-09 12:26:51,311 - DEBUG - Took 0.003s to subset 'hmtx'
2025-06-09 12:26:51,311 - INFO - hmtx subsetted
2025-06-09 12:26:51,312 - DEBUG - Took 0.001s to subset 'cmap'
2025-06-09 12:26:51,312 - INFO - cmap subsetted
2025-06-09 12:26:51,312 - INFO - loca subsetting not needed
2025-06-09 12:26:51,312 - DEBUG - Took 0.000s to subset 'post'
2025-06-09 12:26:51,312 - INFO - post subsetted
2025-06-09 12:26:51,312 - INFO - gasp subsetting not needed
2025-06-09 12:26:51,312 - INFO - meta NOT subset; don't know how to subset
2025-06-09 12:26:51,312 - DEBUG - Reading 'GDEF' table from disk
2025-06-09 12:26:51,313 - DEBUG - Decompiling 'GDEF' table
2025-06-09 12:26:51,314 - DEBUG - Took 0.002s to subset 'GDEF'
2025-06-09 12:26:51,314 - INFO - GDEF subsetted
2025-06-09 12:26:51,314 - INFO - name subsetting not needed
2025-06-09 12:26:51,315 - DEBUG - Took 0.001s to subset 'glyf'
2025-06-09 12:26:51,315 - INFO - glyf subsetted
2025-06-09 12:26:51,315 - DEBUG - Took 0.000s to subset GlyphOrder
2025-06-09 12:26:51,316 - DEBUG - Took 0.000s to prune 'head'
2025-06-09 12:26:51,316 - INFO - head pruned
2025-06-09 12:26:51,316 - DEBUG - Reading 'OS/2' table from disk
2025-06-09 12:26:51,316 - DEBUG - Decompiling 'OS/2' table
2025-06-09 12:26:51,316 - INFO - OS/2 Unicode ranges pruned: [0, 1, 9, 31, 38, 45]
2025-06-09 12:26:51,316 - INFO - OS/2 CodePage ranges pruned: [0]
2025-06-09 12:26:51,317 - DEBUG - Took 0.001s to prune 'glyf'
2025-06-09 12:26:51,317 - INFO - glyf pruned
2025-06-09 12:26:51,317 - DEBUG - Took 0.000s to prune 'GDEF'
2025-06-09 12:26:51,317 - INFO - GDEF pruned
2025-06-09 12:26:51,317 - DEBUG - Reading 'name' table from disk
2025-06-09 12:26:51,318 - DEBUG - Decompiling 'name' table
2025-06-09 12:26:51,318 - DEBUG - Reading 'gasp' table from disk
2025-06-09 12:26:51,318 - DEBUG - Decompiling 'gasp' table
2025-06-09 12:26:51,318 - DEBUG - Reading 'meta' table from disk
2025-06-09 12:26:51,318 - DEBUG - Decompiling 'meta' table
2025-06-09 12:26:51,318 - DEBUG - Took 0.001s to prune 'name'
2025-06-09 12:26:51,318 - INFO - name pruned
2025-06-09 12:26:51,319 - DEBUG - Compiling 'glyf' table
2025-06-09 12:26:51,331 - DEBUG - Writing 'glyf' table to disk
2025-06-09 12:26:51,331 - DEBUG - Compiling 'maxp' table
2025-06-09 12:26:51,332 - DEBUG - Writing 'maxp' table to disk
2025-06-09 12:26:51,332 - DEBUG - Compiling 'loca' table
2025-06-09 12:26:51,332 - DEBUG - Writing 'loca' table to disk
2025-06-09 12:26:51,332 - DEBUG - Compiling 'head' table
2025-06-09 12:26:51,332 - DEBUG - Writing 'head' table to disk
2025-06-09 12:26:51,332 - DEBUG - Compiling 'hmtx' table
2025-06-09 12:26:51,333 - DEBUG - Writing 'hmtx' table to disk
2025-06-09 12:26:51,333 - DEBUG - Compiling 'hhea' table
2025-06-09 12:26:51,333 - DEBUG - Writing 'hhea' table to disk
2025-06-09 12:26:51,333 - DEBUG - Compiling 'OS/2' table
2025-06-09 12:26:51,334 - DEBUG - Writing 'OS/2' table to disk
2025-06-09 12:26:51,334 - DEBUG - Compiling 'cmap' table
2025-06-09 12:26:51,334 - DEBUG - Writing 'cmap' table to disk
2025-06-09 12:26:51,334 - DEBUG - Compiling 'name' table
2025-06-09 12:26:51,334 - DEBUG - Writing 'name' table to disk
2025-06-09 12:26:51,334 - DEBUG - Compiling 'post' table
2025-06-09 12:26:51,334 - DEBUG - Writing 'post' table to disk
2025-06-09 12:26:51,334 - DEBUG - Compiling 'gasp' table
2025-06-09 12:26:51,335 - DEBUG - Writing 'gasp' table to disk
2025-06-09 12:26:51,335 - DEBUG - Compiling 'GDEF' table
2025-06-09 12:26:51,335 - DEBUG - Writing 'GDEF' table to disk
2025-06-09 12:26:51,335 - DEBUG - Compiling 'meta' table
2025-06-09 12:26:51,335 - DEBUG - Writing 'meta' table to disk
2025-06-09 12:26:51,336 - DEBUG - Reading 'maxp' table from disk
2025-06-09 12:26:51,337 - DEBUG - Decompiling 'maxp' table
2025-06-09 12:26:51,337 - DEBUG - Took 0.000s to load 'maxp'
2025-06-09 12:26:51,337 - DEBUG - Took 0.000s to prune 'maxp'
2025-06-09 12:26:51,337 - INFO - maxp pruned
2025-06-09 12:26:51,337 - INFO - LTSH dropped
2025-06-09 12:26:51,337 - INFO - VDMX dropped
2025-06-09 12:26:51,337 - INFO - hdmx dropped
2025-06-09 12:26:51,337 - DEBUG - Reading 'cmap' table from disk
2025-06-09 12:26:51,337 - DEBUG - Decompiling 'cmap' table
2025-06-09 12:26:51,337 - DEBUG - Took 0.000s to load 'cmap'
2025-06-09 12:26:51,337 - DEBUG - Took 0.000s to prune 'cmap'
2025-06-09 12:26:51,337 - INFO - cmap pruned
2025-06-09 12:26:51,337 - INFO - fpgm dropped
2025-06-09 12:26:51,337 - INFO - prep dropped
2025-06-09 12:26:51,337 - INFO - cvt  dropped
2025-06-09 12:26:51,337 - INFO - kern dropped
2025-06-09 12:26:51,338 - DEBUG - Reading 'post' table from disk
2025-06-09 12:26:51,338 - DEBUG - Decompiling 'post' table
2025-06-09 12:26:51,338 - DEBUG - Took 0.000s to load 'post'
2025-06-09 12:26:51,338 - DEBUG - Took 0.000s to prune 'post'
2025-06-09 12:26:51,338 - INFO - post pruned
2025-06-09 12:26:51,338 - INFO - PCLT dropped
2025-06-09 12:26:51,338 - INFO - DSIG dropped
2025-06-09 12:26:51,338 - INFO - GPOS dropped
2025-06-09 12:26:51,338 - INFO - GSUB dropped
2025-06-09 12:26:51,338 - DEBUG - Reading 'glyf' table from disk
2025-06-09 12:26:51,338 - DEBUG - Decompiling 'glyf' table
2025-06-09 12:26:51,338 - DEBUG - Reading 'loca' table from disk
2025-06-09 12:26:51,338 - DEBUG - Decompiling 'loca' table
2025-06-09 12:26:51,338 - DEBUG - Reading 'head' table from disk
2025-06-09 12:26:51,339 - DEBUG - Decompiling 'head' table
2025-06-09 12:26:51,340 - DEBUG - Reading 'cmap' table from disk
2025-06-09 12:26:51,340 - DEBUG - Decompiling 'cmap' table
2025-06-09 12:26:51,348 - DEBUG - Took 0.010s to load 'glyf'
2025-06-09 12:26:51,348 - DEBUG - Took 0.000s to prune 'glyf'
2025-06-09 12:26:51,348 - INFO - glyf pruned
2025-06-09 12:26:51,350 - DEBUG - Took 0.002s to close glyph list over 'cmap'
2025-06-09 12:26:51,351 - INFO - Added gid0 to subset
2025-06-09 12:26:51,351 - INFO - Closing glyph list over 'glyf': 12 glyphs before
2025-06-09 12:26:51,351 - INFO - Glyph names: ['.notdef', 'A', 'C', 'M', 'P', 'R', 'U', 'comma', 'five', 'm', 'space', 'zero']
2025-06-09 12:26:51,351 - INFO - Glyph IDs:   [0, 3, 15, 19, 24, 36, 38, 48, 51, 53, 56, 80]
2025-06-09 12:26:51,351 - INFO - Closed glyph list over 'glyf': 12 glyphs after
2025-06-09 12:26:51,351 - INFO - Glyph names: ['.notdef', 'A', 'C', 'M', 'P', 'R', 'U', 'comma', 'five', 'm', 'space', 'zero']
2025-06-09 12:26:51,351 - INFO - Glyph IDs:   [0, 3, 15, 19, 24, 36, 38, 48, 51, 53, 56, 80]
2025-06-09 12:26:51,351 - DEBUG - Took 0.001s to close glyph list over 'glyf'
2025-06-09 12:26:51,352 - INFO - Retaining 12 glyphs
2025-06-09 12:26:51,353 - INFO - head subsetting not needed
2025-06-09 12:26:51,353 - INFO - hhea subsetting not needed
2025-06-09 12:26:51,353 - INFO - maxp subsetting not needed
2025-06-09 12:26:51,353 - INFO - OS/2 subsetting not needed
2025-06-09 12:26:51,353 - DEBUG - Reading 'hmtx' table from disk
2025-06-09 12:26:51,353 - DEBUG - Decompiling 'hmtx' table
2025-06-09 12:26:51,353 - DEBUG - Reading 'hhea' table from disk
2025-06-09 12:26:51,353 - DEBUG - Decompiling 'hhea' table
2025-06-09 12:26:51,355 - DEBUG - Took 0.002s to subset 'hmtx'
2025-06-09 12:26:51,355 - INFO - hmtx subsetted
2025-06-09 12:26:51,355 - DEBUG - Took 0.000s to subset 'cmap'
2025-06-09 12:26:51,355 - INFO - cmap subsetted
2025-06-09 12:26:51,355 - INFO - loca subsetting not needed
2025-06-09 12:26:51,355 - DEBUG - Took 0.000s to subset 'post'
2025-06-09 12:26:51,355 - INFO - post subsetted
2025-06-09 12:26:51,356 - INFO - gasp subsetting not needed
2025-06-09 12:26:51,356 - INFO - meta NOT subset; don't know how to subset
2025-06-09 12:26:51,356 - DEBUG - Reading 'GDEF' table from disk
2025-06-09 12:26:51,356 - DEBUG - Decompiling 'GDEF' table
2025-06-09 12:26:51,357 - DEBUG - Took 0.001s to subset 'GDEF'
2025-06-09 12:26:51,357 - INFO - GDEF subsetted
2025-06-09 12:26:51,357 - INFO - name subsetting not needed
2025-06-09 12:26:51,358 - DEBUG - Took 0.001s to subset 'glyf'
2025-06-09 12:26:51,358 - INFO - glyf subsetted
2025-06-09 12:26:51,358 - DEBUG - Took 0.000s to subset GlyphOrder
2025-06-09 12:26:51,358 - DEBUG - Took 0.000s to prune 'head'
2025-06-09 12:26:51,358 - INFO - head pruned
2025-06-09 12:26:51,358 - DEBUG - Reading 'OS/2' table from disk
2025-06-09 12:26:51,358 - DEBUG - Decompiling 'OS/2' table
2025-06-09 12:26:51,359 - INFO - OS/2 Unicode ranges pruned: [0, 1]
2025-06-09 12:26:51,359 - INFO - OS/2 CodePage ranges pruned: [0]
2025-06-09 12:26:51,359 - DEBUG - Took 0.000s to prune 'glyf'
2025-06-09 12:26:51,359 - INFO - glyf pruned
2025-06-09 12:26:51,359 - DEBUG - Took 0.000s to prune 'GDEF'
2025-06-09 12:26:51,359 - INFO - GDEF pruned
2025-06-09 12:26:51,359 - DEBUG - Reading 'name' table from disk
2025-06-09 12:26:51,359 - DEBUG - Decompiling 'name' table
2025-06-09 12:26:51,360 - DEBUG - Reading 'gasp' table from disk
2025-06-09 12:26:51,360 - DEBUG - Decompiling 'gasp' table
2025-06-09 12:26:51,360 - DEBUG - Reading 'meta' table from disk
2025-06-09 12:26:51,360 - DEBUG - Decompiling 'meta' table
2025-06-09 12:26:51,360 - DEBUG - Took 0.001s to prune 'name'
2025-06-09 12:26:51,360 - INFO - name pruned
2025-06-09 12:26:51,361 - DEBUG - Compiling 'glyf' table
2025-06-09 12:26:51,362 - DEBUG - Writing 'glyf' table to disk
2025-06-09 12:26:51,362 - DEBUG - Compiling 'maxp' table
2025-06-09 12:26:51,363 - DEBUG - Writing 'maxp' table to disk
2025-06-09 12:26:51,363 - DEBUG - Compiling 'loca' table
2025-06-09 12:26:51,363 - DEBUG - Writing 'loca' table to disk
2025-06-09 12:26:51,363 - DEBUG - Compiling 'head' table
2025-06-09 12:26:51,363 - DEBUG - Writing 'head' table to disk
2025-06-09 12:26:51,363 - DEBUG - Compiling 'hmtx' table
2025-06-09 12:26:51,363 - DEBUG - Writing 'hmtx' table to disk
2025-06-09 12:26:51,363 - DEBUG - Compiling 'hhea' table
2025-06-09 12:26:51,363 - DEBUG - Writing 'hhea' table to disk
2025-06-09 12:26:51,363 - DEBUG - Compiling 'OS/2' table
2025-06-09 12:26:51,363 - DEBUG - Writing 'OS/2' table to disk
2025-06-09 12:26:51,364 - DEBUG - Compiling 'cmap' table
2025-06-09 12:26:51,364 - DEBUG - Writing 'cmap' table to disk
2025-06-09 12:26:51,364 - DEBUG - Compiling 'name' table
2025-06-09 12:26:51,364 - DEBUG - Writing 'name' table to disk
2025-06-09 12:26:51,364 - DEBUG - Compiling 'post' table
2025-06-09 12:26:51,364 - DEBUG - Writing 'post' table to disk
2025-06-09 12:26:51,364 - DEBUG - Compiling 'gasp' table
2025-06-09 12:26:51,364 - DEBUG - Writing 'gasp' table to disk
2025-06-09 12:26:51,364 - DEBUG - Compiling 'GDEF' table
2025-06-09 12:26:51,365 - DEBUG - Writing 'GDEF' table to disk
2025-06-09 12:26:51,365 - DEBUG - Compiling 'meta' table
2025-06-09 12:26:51,365 - DEBUG - Writing 'meta' table to disk
2025-06-09 12:26:51,366 - DEBUG - Reading 'maxp' table from disk
2025-06-09 12:26:51,366 - DEBUG - Decompiling 'maxp' table
2025-06-09 12:26:51,366 - DEBUG - Took 0.000s to load 'maxp'
2025-06-09 12:26:51,366 - DEBUG - Took 0.000s to prune 'maxp'
2025-06-09 12:26:51,366 - INFO - maxp pruned
2025-06-09 12:26:51,366 - INFO - VDMX dropped
2025-06-09 12:26:51,366 - DEBUG - Reading 'cmap' table from disk
2025-06-09 12:26:51,366 - DEBUG - Decompiling 'cmap' table
2025-06-09 12:26:51,366 - DEBUG - Took 0.000s to load 'cmap'
2025-06-09 12:26:51,366 - DEBUG - Took 0.000s to prune 'cmap'
2025-06-09 12:26:51,366 - INFO - cmap pruned
2025-06-09 12:26:51,367 - INFO - fpgm dropped
2025-06-09 12:26:51,367 - INFO - prep dropped
2025-06-09 12:26:51,367 - INFO - cvt  dropped
2025-06-09 12:26:51,367 - DEBUG - Reading 'post' table from disk
2025-06-09 12:26:51,367 - DEBUG - Decompiling 'post' table
2025-06-09 12:26:51,367 - DEBUG - Took 0.000s to load 'post'
2025-06-09 12:26:51,367 - DEBUG - Took 0.000s to prune 'post'
2025-06-09 12:26:51,367 - INFO - post pruned
2025-06-09 12:26:51,367 - INFO - EBDT dropped
2025-06-09 12:26:51,367 - INFO - EBLC dropped
2025-06-09 12:26:51,367 - INFO - DSIG dropped
2025-06-09 12:26:51,368 - INFO - GPOS dropped
2025-06-09 12:26:51,368 - INFO - GSUB dropped
2025-06-09 12:26:51,368 - DEBUG - Reading 'glyf' table from disk
2025-06-09 12:26:51,368 - DEBUG - Decompiling 'glyf' table
2025-06-09 12:26:51,368 - DEBUG - Reading 'loca' table from disk
2025-06-09 12:26:51,368 - DEBUG - Decompiling 'loca' table
2025-06-09 12:26:51,368 - DEBUG - Reading 'head' table from disk
2025-06-09 12:26:51,368 - DEBUG - Decompiling 'head' table
2025-06-09 12:26:51,369 - DEBUG - Reading 'cmap' table from disk
2025-06-09 12:26:51,369 - DEBUG - Decompiling 'cmap' table
2025-06-09 12:26:51,379 - DEBUG - Took 0.012s to load 'glyf'
2025-06-09 12:26:51,380 - DEBUG - Took 0.000s to prune 'glyf'
2025-06-09 12:26:51,380 - INFO - glyf pruned
2025-06-09 12:26:51,382 - DEBUG - Took 0.003s to close glyph list over 'cmap'
2025-06-09 12:26:51,382 - INFO - Added gid0 to subset
2025-06-09 12:26:51,383 - INFO - Closing glyph list over 'glyf': 41 glyphs before
2025-06-09 12:26:51,383 - INFO - Glyph names: ['.notdef', 'B', 'C', 'F', 'G', 'I', 'L', 'M', 'R', 'S', 'V', 'a', 'asterisk', 'c', 'd', 'e', 'eight', 'f', 'five', 'g', 'greater', 'i', 'k', 'l', 'm', 'n', 'o', 'p', 'period', 'r', 's', 'slash', 'space', 't', 'u', 'underscore', 'v', 'w', 'x', 'y', 'zero']
2025-06-09 12:26:51,383 - INFO - Glyph IDs:   [0, 3, 13, 17, 18, 19, 24, 27, 33, 37, 38, 41, 42, 44, 47, 48, 53, 54, 57, 66, 68, 70, 71, 72, 73, 74, 76, 78, 79, 80, 81, 82, 83, 85, 86, 87, 88, 89, 90, 91, 92]
2025-06-09 12:26:51,383 - INFO - Closed glyph list over 'glyf': 41 glyphs after
2025-06-09 12:26:51,383 - INFO - Glyph names: ['.notdef', 'B', 'C', 'F', 'G', 'I', 'L', 'M', 'R', 'S', 'V', 'a', 'asterisk', 'c', 'd', 'e', 'eight', 'f', 'five', 'g', 'greater', 'i', 'k', 'l', 'm', 'n', 'o', 'p', 'period', 'r', 's', 'slash', 'space', 't', 'u', 'underscore', 'v', 'w', 'x', 'y', 'zero']
2025-06-09 12:26:51,384 - INFO - Glyph IDs:   [0, 3, 13, 17, 18, 19, 24, 27, 33, 37, 38, 41, 42, 44, 47, 48, 53, 54, 57, 66, 68, 70, 71, 72, 73, 74, 76, 78, 79, 80, 81, 82, 83, 85, 86, 87, 88, 89, 90, 91, 92]
2025-06-09 12:26:51,384 - DEBUG - Took 0.001s to close glyph list over 'glyf'
2025-06-09 12:26:51,385 - INFO - Retaining 41 glyphs
2025-06-09 12:26:51,385 - INFO - head subsetting not needed
2025-06-09 12:26:51,385 - INFO - hhea subsetting not needed
2025-06-09 12:26:51,385 - INFO - maxp subsetting not needed
2025-06-09 12:26:51,385 - INFO - OS/2 subsetting not needed
2025-06-09 12:26:51,385 - DEBUG - Reading 'hmtx' table from disk
2025-06-09 12:26:51,386 - DEBUG - Decompiling 'hmtx' table
2025-06-09 12:26:51,386 - DEBUG - Reading 'hhea' table from disk
2025-06-09 12:26:51,386 - DEBUG - Decompiling 'hhea' table
2025-06-09 12:26:51,387 - DEBUG - Took 0.001s to subset 'hmtx'
2025-06-09 12:26:51,387 - INFO - hmtx subsetted
2025-06-09 12:26:51,387 - DEBUG - Took 0.001s to subset 'cmap'
2025-06-09 12:26:51,387 - INFO - cmap subsetted
2025-06-09 12:26:51,387 - INFO - loca subsetting not needed
2025-06-09 12:26:51,388 - DEBUG - Took 0.000s to subset 'post'
2025-06-09 12:26:51,388 - INFO - post subsetted
2025-06-09 12:26:51,388 - INFO - gasp subsetting not needed
2025-06-09 12:26:51,388 - INFO - bdat NOT subset; don't know how to subset
2025-06-09 12:26:51,388 - INFO - bloc NOT subset; don't know how to subset
2025-06-09 12:26:51,388 - INFO - meta NOT subset; don't know how to subset
2025-06-09 12:26:51,388 - DEBUG - Reading 'GDEF' table from disk
2025-06-09 12:26:51,388 - DEBUG - Decompiling 'GDEF' table
2025-06-09 12:26:51,390 - DEBUG - Took 0.002s to subset 'GDEF'
2025-06-09 12:26:51,390 - INFO - GDEF subsetted
2025-06-09 12:26:51,390 - INFO - name subsetting not needed
2025-06-09 12:26:51,391 - DEBUG - Took 0.001s to subset 'glyf'
2025-06-09 12:26:51,391 - INFO - glyf subsetted
2025-06-09 12:26:51,391 - DEBUG - Took 0.000s to subset GlyphOrder
2025-06-09 12:26:51,391 - DEBUG - Took 0.000s to prune 'head'
2025-06-09 12:26:51,391 - INFO - head pruned
2025-06-09 12:26:51,391 - DEBUG - Reading 'OS/2' table from disk
2025-06-09 12:26:51,392 - DEBUG - Decompiling 'OS/2' table
2025-06-09 12:26:51,392 - INFO - OS/2 Unicode ranges pruned: [0, 1]
2025-06-09 12:26:51,392 - INFO - OS/2 CodePage ranges pruned: [0]
2025-06-09 12:26:51,392 - DEBUG - Took 0.000s to prune 'glyf'
2025-06-09 12:26:51,393 - INFO - glyf pruned
2025-06-09 12:26:51,393 - DEBUG - Took 0.000s to prune 'GDEF'
2025-06-09 12:26:51,393 - INFO - GDEF pruned
2025-06-09 12:26:51,393 - DEBUG - Reading 'name' table from disk
2025-06-09 12:26:51,393 - DEBUG - Decompiling 'name' table
2025-06-09 12:26:51,394 - DEBUG - Reading 'gasp' table from disk
2025-06-09 12:26:51,394 - DEBUG - Decompiling 'gasp' table
2025-06-09 12:26:51,394 - DEBUG - Reading 'bdat' table from disk
2025-06-09 12:26:51,394 - DEBUG - Decompiling 'bdat' table
2025-06-09 12:26:51,394 - DEBUG - Reading 'bloc' table from disk
2025-06-09 12:26:51,394 - DEBUG - Decompiling 'bloc' table
2025-06-09 12:26:51,395 - DEBUG - Reading 'meta' table from disk
2025-06-09 12:26:51,395 - DEBUG - Decompiling 'meta' table
2025-06-09 12:26:51,395 - DEBUG - Took 0.002s to prune 'name'
2025-06-09 12:26:51,395 - INFO - name pruned
2025-06-09 12:26:51,395 - DEBUG - Compiling 'glyf' table
2025-06-09 12:26:51,402 - DEBUG - Writing 'glyf' table to disk
2025-06-09 12:26:51,402 - DEBUG - Compiling 'maxp' table
2025-06-09 12:26:51,402 - DEBUG - Writing 'maxp' table to disk
2025-06-09 12:26:51,402 - DEBUG - Compiling 'loca' table
2025-06-09 12:26:51,403 - DEBUG - Writing 'loca' table to disk
2025-06-09 12:26:51,403 - DEBUG - Compiling 'head' table
2025-06-09 12:26:51,403 - DEBUG - Writing 'head' table to disk
2025-06-09 12:26:51,403 - DEBUG - Compiling 'hmtx' table
2025-06-09 12:26:51,403 - DEBUG - Writing 'hmtx' table to disk
2025-06-09 12:26:51,403 - DEBUG - Compiling 'hhea' table
2025-06-09 12:26:51,403 - DEBUG - Writing 'hhea' table to disk
2025-06-09 12:26:51,403 - DEBUG - Compiling 'OS/2' table
2025-06-09 12:26:51,403 - DEBUG - Writing 'OS/2' table to disk
2025-06-09 12:26:51,404 - DEBUG - Compiling 'cmap' table
2025-06-09 12:26:51,404 - DEBUG - Writing 'cmap' table to disk
2025-06-09 12:26:51,404 - DEBUG - Compiling 'name' table
2025-06-09 12:26:51,404 - DEBUG - Writing 'name' table to disk
2025-06-09 12:26:51,404 - DEBUG - Compiling 'post' table
2025-06-09 12:26:51,404 - DEBUG - Writing 'post' table to disk
2025-06-09 12:26:51,404 - DEBUG - Compiling 'gasp' table
2025-06-09 12:26:51,404 - DEBUG - Writing 'gasp' table to disk
2025-06-09 12:26:51,404 - DEBUG - Compiling 'GDEF' table
2025-06-09 12:26:51,405 - DEBUG - Writing 'GDEF' table to disk
2025-06-09 12:26:51,405 - DEBUG - Compiling 'bdat' table
2025-06-09 12:26:51,405 - DEBUG - Writing 'bdat' table to disk
2025-06-09 12:26:51,405 - DEBUG - Compiling 'bloc' table
2025-06-09 12:26:51,406 - DEBUG - Writing 'bloc' table to disk
2025-06-09 12:26:51,406 - DEBUG - Compiling 'meta' table
2025-06-09 12:26:51,406 - DEBUG - Writing 'meta' table to disk
2025-06-09 12:26:51,407 - DEBUG - Reading 'maxp' table from disk
2025-06-09 12:26:51,407 - DEBUG - Decompiling 'maxp' table
2025-06-09 12:26:51,407 - DEBUG - Took 0.000s to load 'maxp'
2025-06-09 12:26:51,407 - DEBUG - Took 0.000s to prune 'maxp'
2025-06-09 12:26:51,408 - INFO - maxp pruned
2025-06-09 12:26:51,408 - INFO - VDMX dropped
2025-06-09 12:26:51,408 - DEBUG - Reading 'cmap' table from disk
2025-06-09 12:26:51,408 - DEBUG - Decompiling 'cmap' table
2025-06-09 12:26:51,408 - DEBUG - Took 0.000s to load 'cmap'
2025-06-09 12:26:51,408 - DEBUG - Took 0.000s to prune 'cmap'
2025-06-09 12:26:51,408 - INFO - cmap pruned
2025-06-09 12:26:51,408 - INFO - fpgm dropped
2025-06-09 12:26:51,408 - INFO - prep dropped
2025-06-09 12:26:51,408 - INFO - cvt  dropped
2025-06-09 12:26:51,408 - DEBUG - Reading 'post' table from disk
2025-06-09 12:26:51,408 - DEBUG - Decompiling 'post' table
2025-06-09 12:26:51,408 - DEBUG - Took 0.000s to load 'post'
2025-06-09 12:26:51,408 - DEBUG - Took 0.000s to prune 'post'
2025-06-09 12:26:51,408 - INFO - post pruned
2025-06-09 12:26:51,408 - INFO - DSIG dropped
2025-06-09 12:26:51,409 - INFO - GPOS dropped
2025-06-09 12:26:51,409 - INFO - GSUB dropped
2025-06-09 12:26:51,409 - DEBUG - Reading 'glyf' table from disk
2025-06-09 12:26:51,409 - DEBUG - Decompiling 'glyf' table
2025-06-09 12:26:51,409 - DEBUG - Reading 'loca' table from disk
2025-06-09 12:26:51,409 - DEBUG - Decompiling 'loca' table
2025-06-09 12:26:51,409 - DEBUG - Reading 'head' table from disk
2025-06-09 12:26:51,409 - DEBUG - Decompiling 'head' table
2025-06-09 12:26:51,411 - DEBUG - Reading 'cmap' table from disk
2025-06-09 12:26:51,411 - DEBUG - Decompiling 'cmap' table
2025-06-09 12:26:51,421 - DEBUG - Took 0.012s to load 'glyf'
2025-06-09 12:26:51,421 - DEBUG - Took 0.000s to prune 'glyf'
2025-06-09 12:26:51,421 - INFO - glyf pruned
2025-06-09 12:26:51,424 - DEBUG - Took 0.003s to close glyph list over 'cmap'
2025-06-09 12:26:51,424 - INFO - Added gid0 to subset
2025-06-09 12:26:51,424 - INFO - Closing glyph list over 'glyf': 21 glyphs before
2025-06-09 12:26:51,424 - INFO - Glyph names: ['.notdef', 'a', 'c', 'd', 'e', 'eight', 'f', 'five', 'g', 'i', 'l', 'm', 'n', 'o', 'period', 'r', 's', 't', 'underscore', 'v', 'zero']
2025-06-09 12:26:51,424 - INFO - Glyph IDs:   [0, 17, 19, 24, 27, 66, 68, 70, 71, 72, 73, 74, 76, 79, 80, 81, 82, 85, 86, 87, 89]
2025-06-09 12:26:51,424 - INFO - Closed glyph list over 'glyf': 21 glyphs after
2025-06-09 12:26:51,424 - INFO - Glyph names: ['.notdef', 'a', 'c', 'd', 'e', 'eight', 'f', 'five', 'g', 'i', 'l', 'm', 'n', 'o', 'period', 'r', 's', 't', 'underscore', 'v', 'zero']
2025-06-09 12:26:51,425 - INFO - Glyph IDs:   [0, 17, 19, 24, 27, 66, 68, 70, 71, 72, 73, 74, 76, 79, 80, 81, 82, 85, 86, 87, 89]
2025-06-09 12:26:51,425 - DEBUG - Took 0.001s to close glyph list over 'glyf'
2025-06-09 12:26:51,426 - INFO - Retaining 21 glyphs
2025-06-09 12:26:51,426 - INFO - head subsetting not needed
2025-06-09 12:26:51,426 - INFO - hhea subsetting not needed
2025-06-09 12:26:51,426 - INFO - maxp subsetting not needed
2025-06-09 12:26:51,426 - INFO - OS/2 subsetting not needed
2025-06-09 12:26:51,426 - DEBUG - Reading 'hmtx' table from disk
2025-06-09 12:26:51,426 - DEBUG - Decompiling 'hmtx' table
2025-06-09 12:26:51,427 - DEBUG - Reading 'hhea' table from disk
2025-06-09 12:26:51,427 - DEBUG - Decompiling 'hhea' table
2025-06-09 12:26:51,428 - DEBUG - Took 0.001s to subset 'hmtx'
2025-06-09 12:26:51,428 - INFO - hmtx subsetted
2025-06-09 12:26:51,429 - DEBUG - Took 0.000s to subset 'cmap'
2025-06-09 12:26:51,429 - INFO - cmap subsetted
2025-06-09 12:26:51,429 - INFO - loca subsetting not needed
2025-06-09 12:26:51,429 - DEBUG - Took 0.000s to subset 'post'
2025-06-09 12:26:51,429 - INFO - post subsetted
2025-06-09 12:26:51,429 - INFO - gasp subsetting not needed
2025-06-09 12:26:51,429 - INFO - meta NOT subset; don't know how to subset
2025-06-09 12:26:51,429 - DEBUG - Reading 'GDEF' table from disk
2025-06-09 12:26:51,429 - DEBUG - Decompiling 'GDEF' table
2025-06-09 12:26:51,430 - DEBUG - Took 0.001s to subset 'GDEF'
2025-06-09 12:26:51,431 - INFO - GDEF subsetted
2025-06-09 12:26:51,431 - INFO - name subsetting not needed
2025-06-09 12:26:51,431 - DEBUG - Took 0.001s to subset 'glyf'
2025-06-09 12:26:51,431 - INFO - glyf subsetted
2025-06-09 12:26:51,431 - DEBUG - Took 0.000s to subset GlyphOrder
2025-06-09 12:26:51,432 - DEBUG - Took 0.000s to prune 'head'
2025-06-09 12:26:51,432 - INFO - head pruned
2025-06-09 12:26:51,432 - DEBUG - Reading 'OS/2' table from disk
2025-06-09 12:26:51,432 - DEBUG - Decompiling 'OS/2' table
2025-06-09 12:26:51,432 - INFO - OS/2 Unicode ranges pruned: [0]
2025-06-09 12:26:51,432 - INFO - OS/2 CodePage ranges pruned: [0]
2025-06-09 12:26:51,433 - DEBUG - Took 0.000s to prune 'glyf'
2025-06-09 12:26:51,433 - INFO - glyf pruned
2025-06-09 12:26:51,433 - DEBUG - Took 0.000s to prune 'GDEF'
2025-06-09 12:26:51,433 - INFO - GDEF pruned
2025-06-09 12:26:51,433 - DEBUG - Reading 'name' table from disk
2025-06-09 12:26:51,433 - DEBUG - Decompiling 'name' table
2025-06-09 12:26:51,434 - DEBUG - Reading 'gasp' table from disk
2025-06-09 12:26:51,434 - DEBUG - Decompiling 'gasp' table
2025-06-09 12:26:51,434 - DEBUG - Reading 'meta' table from disk
2025-06-09 12:26:51,434 - DEBUG - Decompiling 'meta' table
2025-06-09 12:26:51,434 - DEBUG - Took 0.001s to prune 'name'
2025-06-09 12:26:51,434 - INFO - name pruned
2025-06-09 12:26:51,434 - DEBUG - Compiling 'glyf' table
2025-06-09 12:26:51,438 - DEBUG - Writing 'glyf' table to disk
2025-06-09 12:26:51,438 - DEBUG - Compiling 'maxp' table
2025-06-09 12:26:51,438 - DEBUG - Writing 'maxp' table to disk
2025-06-09 12:26:51,438 - DEBUG - Compiling 'loca' table
2025-06-09 12:26:51,438 - DEBUG - Writing 'loca' table to disk
2025-06-09 12:26:51,438 - DEBUG - Compiling 'head' table
2025-06-09 12:26:51,438 - DEBUG - Writing 'head' table to disk
2025-06-09 12:26:51,439 - DEBUG - Compiling 'hmtx' table
2025-06-09 12:26:51,439 - DEBUG - Writing 'hmtx' table to disk
2025-06-09 12:26:51,439 - DEBUG - Compiling 'hhea' table
2025-06-09 12:26:51,439 - DEBUG - Writing 'hhea' table to disk
2025-06-09 12:26:51,439 - DEBUG - Compiling 'OS/2' table
2025-06-09 12:26:51,439 - DEBUG - Writing 'OS/2' table to disk
2025-06-09 12:26:51,439 - DEBUG - Compiling 'cmap' table
2025-06-09 12:26:51,439 - DEBUG - Writing 'cmap' table to disk
2025-06-09 12:26:51,439 - DEBUG - Compiling 'name' table
2025-06-09 12:26:51,440 - DEBUG - Writing 'name' table to disk
2025-06-09 12:26:51,440 - DEBUG - Compiling 'post' table
2025-06-09 12:26:51,440 - DEBUG - Writing 'post' table to disk
2025-06-09 12:26:51,440 - DEBUG - Compiling 'gasp' table
2025-06-09 12:26:51,440 - DEBUG - Writing 'gasp' table to disk
2025-06-09 12:26:51,440 - DEBUG - Compiling 'GDEF' table
2025-06-09 12:26:51,440 - DEBUG - Writing 'GDEF' table to disk
2025-06-09 12:26:51,440 - DEBUG - Compiling 'meta' table
2025-06-09 12:26:51,440 - DEBUG - Writing 'meta' table to disk
2025-06-09 12:26:51,442 - DEBUG - STREAM b'IHDR' 16 13
2025-06-09 12:26:51,443 - DEBUG - STREAM b'tEXt' 41 58
2025-06-09 12:26:51,443 - DEBUG - STREAM b'pHYs' 111 9
2025-06-09 12:26:51,443 - DEBUG - STREAM b'IDAT' 132 65536
2025-06-09 12:26:51,646 - DEBUG - STREAM b'IHDR' 16 13
2025-06-09 12:26:51,646 - DEBUG - STREAM b'tEXt' 41 58
2025-06-09 12:26:51,646 - DEBUG - STREAM b'pHYs' 111 9
2025-06-09 12:26:51,646 - DEBUG - STREAM b'IDAT' 132 14266
2025-06-09 12:26:51,660 - DEBUG - STREAM b'IHDR' 16 13
2025-06-09 12:26:51,660 - DEBUG - STREAM b'tEXt' 41 58
2025-06-09 12:26:51,660 - DEBUG - STREAM b'pHYs' 111 9
2025-06-09 12:26:51,661 - DEBUG - STREAM b'IDAT' 132 65536
2025-06-09 12:26:51,775 - DEBUG - STREAM b'IHDR' 16 13
2025-06-09 12:26:51,775 - DEBUG - STREAM b'tEXt' 41 58
2025-06-09 12:26:51,775 - DEBUG - STREAM b'pHYs' 111 9
2025-06-09 12:26:51,776 - DEBUG - STREAM b'IDAT' 132 27409
2025-06-09 12:26:51,798 - DEBUG - STREAM b'IHDR' 16 13
2025-06-09 12:26:51,798 - DEBUG - STREAM b'tEXt' 41 58
2025-06-09 12:26:51,798 - DEBUG - STREAM b'pHYs' 111 9
2025-06-09 12:26:51,798 - DEBUG - STREAM b'IDAT' 132 30845
2025-06-09 12:26:51,822 - DEBUG - STREAM b'IHDR' 16 13
2025-06-09 12:26:51,822 - DEBUG - STREAM b'tEXt' 41 58
2025-06-09 12:26:51,822 - DEBUG - STREAM b'pHYs' 111 9
2025-06-09 12:26:51,822 - DEBUG - STREAM b'IDAT' 132 27240
2025-06-09 12:26:51,842 - DEBUG - STREAM b'IHDR' 16 13
2025-06-09 12:26:51,842 - DEBUG - STREAM b'tEXt' 41 58
2025-06-09 12:26:51,842 - DEBUG - STREAM b'pHYs' 111 9
2025-06-09 12:26:51,842 - DEBUG - STREAM b'IDAT' 132 26469
2025-06-09 12:26:51,860 - DEBUG - STREAM b'IHDR' 16 13
2025-06-09 12:26:51,860 - DEBUG - STREAM b'tEXt' 41 58
2025-06-09 12:26:51,860 - DEBUG - STREAM b'pHYs' 111 9
2025-06-09 12:26:51,860 - DEBUG - STREAM b'IDAT' 132 26416
2025-06-09 12:26:51,878 - DEBUG - STREAM b'IHDR' 16 13
2025-06-09 12:26:51,878 - DEBUG - STREAM b'tEXt' 41 58
2025-06-09 12:26:51,878 - DEBUG - STREAM b'pHYs' 111 9
2025-06-09 12:26:51,878 - DEBUG - STREAM b'IDAT' 132 26777
2025-06-09 12:26:51,897 - DEBUG - STREAM b'IHDR' 16 13
2025-06-09 12:26:51,898 - DEBUG - STREAM b'tEXt' 41 58
2025-06-09 12:26:51,898 - DEBUG - STREAM b'pHYs' 111 9
2025-06-09 12:26:51,898 - DEBUG - STREAM b'IDAT' 132 27917
2025-06-09 12:26:51,916 - DEBUG - STREAM b'IHDR' 16 13
2025-06-09 12:26:51,916 - DEBUG - STREAM b'tEXt' 41 58
2025-06-09 12:26:51,916 - DEBUG - STREAM b'pHYs' 111 9
2025-06-09 12:26:51,916 - DEBUG - STREAM b'IDAT' 132 26459
2025-06-09 12:26:51,934 - DEBUG - STREAM b'IHDR' 16 13
2025-06-09 12:26:51,934 - DEBUG - STREAM b'tEXt' 41 58
2025-06-09 12:26:51,934 - DEBUG - STREAM b'pHYs' 111 9
2025-06-09 12:26:51,934 - DEBUG - STREAM b'IDAT' 132 26896
2025-06-09 12:26:51,952 - DEBUG - STREAM b'IHDR' 16 13
2025-06-09 12:26:51,953 - DEBUG - STREAM b'tEXt' 41 58
2025-06-09 12:26:51,953 - DEBUG - STREAM b'pHYs' 111 9
2025-06-09 12:26:51,953 - DEBUG - STREAM b'IDAT' 132 26753
2025-06-09 12:26:51,972 - DEBUG - STREAM b'IHDR' 16 13
2025-06-09 12:26:51,972 - DEBUG - STREAM b'tEXt' 41 58
2025-06-09 12:26:51,972 - DEBUG - STREAM b'pHYs' 111 9
2025-06-09 12:26:51,972 - DEBUG - STREAM b'IDAT' 132 27373
2025-06-09 12:26:51,990 - DEBUG - STREAM b'IHDR' 16 13
2025-06-09 12:26:51,990 - DEBUG - STREAM b'tEXt' 41 58
2025-06-09 12:26:51,990 - DEBUG - STREAM b'pHYs' 111 9
2025-06-09 12:26:51,990 - DEBUG - STREAM b'IDAT' 132 26141
2025-06-09 12:26:52,008 - DEBUG - STREAM b'IHDR' 16 13
2025-06-09 12:26:52,008 - DEBUG - STREAM b'tEXt' 41 58
2025-06-09 12:26:52,008 - DEBUG - STREAM b'pHYs' 111 9
2025-06-09 12:26:52,008 - DEBUG - STREAM b'IDAT' 132 26318
2025-06-09 12:26:52,027 - DEBUG - STREAM b'IHDR' 16 13
2025-06-09 12:26:52,027 - DEBUG - STREAM b'tEXt' 41 58
2025-06-09 12:26:52,027 - DEBUG - STREAM b'pHYs' 111 9
2025-06-09 12:26:52,027 - DEBUG - STREAM b'IDAT' 132 26618
2025-06-09 12:26:52,045 - DEBUG - STREAM b'IHDR' 16 13
2025-06-09 12:26:52,045 - DEBUG - STREAM b'tEXt' 41 58
2025-06-09 12:26:52,045 - DEBUG - STREAM b'pHYs' 111 9
2025-06-09 12:26:52,045 - DEBUG - STREAM b'IDAT' 132 27231
2025-06-09 12:26:52,063 - DEBUG - STREAM b'IHDR' 16 13
2025-06-09 12:26:52,063 - DEBUG - STREAM b'tEXt' 41 58
2025-06-09 12:26:52,063 - DEBUG - STREAM b'pHYs' 111 9
2025-06-09 12:26:52,063 - DEBUG - STREAM b'IDAT' 132 45681
2025-06-09 12:26:52,084 - DEBUG - STREAM b'IHDR' 16 13
2025-06-09 12:26:52,084 - DEBUG - STREAM b'tEXt' 41 58
2025-06-09 12:26:52,084 - DEBUG - STREAM b'pHYs' 111 9
2025-06-09 12:26:52,084 - DEBUG - STREAM b'IDAT' 132 19241
2025-06-09 12:26:52,100 - DEBUG - STREAM b'IHDR' 16 13
2025-06-09 12:26:52,101 - DEBUG - STREAM b'tEXt' 41 58
2025-06-09 12:26:52,101 - DEBUG - STREAM b'pHYs' 111 9
2025-06-09 12:26:52,101 - DEBUG - STREAM b'IDAT' 132 33805
2025-06-09 12:26:52,120 - DEBUG - STREAM b'IHDR' 16 13
2025-06-09 12:26:52,120 - DEBUG - STREAM b'tEXt' 41 58
2025-06-09 12:26:52,120 - DEBUG - STREAM b'pHYs' 111 9
2025-06-09 12:26:52,120 - DEBUG - STREAM b'IDAT' 132 27006
2025-06-09 12:26:52,138 - DEBUG - STREAM b'IHDR' 16 13
2025-06-09 12:26:52,138 - DEBUG - STREAM b'tEXt' 41 58
2025-06-09 12:26:52,138 - DEBUG - STREAM b'pHYs' 111 9
2025-06-09 12:26:52,138 - DEBUG - STREAM b'IDAT' 132 27467
2025-06-09 12:26:52,157 - DEBUG - STREAM b'IHDR' 16 13
2025-06-09 12:26:52,157 - DEBUG - STREAM b'tEXt' 41 58
2025-06-09 12:26:52,157 - DEBUG - STREAM b'pHYs' 111 9
2025-06-09 12:26:52,157 - DEBUG - STREAM b'IDAT' 132 27604
2025-06-09 12:26:52,175 - DEBUG - STREAM b'IHDR' 16 13
2025-06-09 12:26:52,176 - DEBUG - STREAM b'tEXt' 41 58
2025-06-09 12:26:52,176 - DEBUG - STREAM b'pHYs' 111 9
2025-06-09 12:26:52,176 - DEBUG - STREAM b'IDAT' 132 20388
2025-06-09 12:26:52,193 - DEBUG - STREAM b'IHDR' 16 13
2025-06-09 12:26:52,193 - DEBUG - STREAM b'tEXt' 41 58
2025-06-09 12:26:52,193 - DEBUG - STREAM b'pHYs' 111 9
2025-06-09 12:26:52,193 - DEBUG - STREAM b'IDAT' 132 34020
2025-06-09 12:26:52,214 - DEBUG - STREAM b'IHDR' 16 13
2025-06-09 12:26:52,214 - DEBUG - STREAM b'tEXt' 41 58
2025-06-09 12:26:52,214 - DEBUG - STREAM b'pHYs' 111 9
2025-06-09 12:26:52,214 - DEBUG - STREAM b'IDAT' 132 25847
2025-06-09 12:26:52,233 - DEBUG - STREAM b'IHDR' 16 13
2025-06-09 12:26:52,233 - DEBUG - STREAM b'tEXt' 41 58
2025-06-09 12:26:52,233 - DEBUG - STREAM b'pHYs' 111 9
2025-06-09 12:26:52,233 - DEBUG - STREAM b'IDAT' 132 20909
2025-06-09 12:26:52,250 - DEBUG - STREAM b'IHDR' 16 13
2025-06-09 12:26:52,250 - DEBUG - STREAM b'tEXt' 41 58
2025-06-09 12:26:52,250 - DEBUG - STREAM b'pHYs' 111 9
2025-06-09 12:26:52,250 - DEBUG - STREAM b'IDAT' 132 35034
2025-06-09 12:26:52,270 - DEBUG - STREAM b'IHDR' 16 13
2025-06-09 12:26:52,270 - DEBUG - STREAM b'tEXt' 41 58
2025-06-09 12:26:52,270 - DEBUG - STREAM b'pHYs' 111 9
2025-06-09 12:26:52,270 - DEBUG - STREAM b'IDAT' 132 27501
2025-06-09 12:26:52,288 - DEBUG - STREAM b'IHDR' 16 13
2025-06-09 12:26:52,288 - DEBUG - STREAM b'tEXt' 41 58
2025-06-09 12:26:52,288 - DEBUG - STREAM b'pHYs' 111 9
2025-06-09 12:26:52,288 - DEBUG - STREAM b'IDAT' 132 19990
2025-06-09 12:26:52,305 - DEBUG - STREAM b'IHDR' 16 13
2025-06-09 12:26:52,305 - DEBUG - STREAM b'tEXt' 41 58
2025-06-09 12:26:52,305 - DEBUG - STREAM b'pHYs' 111 9
2025-06-09 12:26:52,305 - DEBUG - STREAM b'IDAT' 132 34512
2025-06-09 12:26:52,325 - DEBUG - STREAM b'IHDR' 16 13
2025-06-09 12:26:52,325 - DEBUG - STREAM b'tEXt' 41 58
2025-06-09 12:26:52,325 - DEBUG - STREAM b'pHYs' 111 9
2025-06-09 12:26:52,325 - DEBUG - STREAM b'IDAT' 132 26771
2025-06-09 12:26:52,343 - DEBUG - STREAM b'IHDR' 16 13
2025-06-09 12:26:52,344 - DEBUG - STREAM b'tEXt' 41 58
2025-06-09 12:26:52,344 - DEBUG - STREAM b'pHYs' 111 9
2025-06-09 12:26:52,344 - DEBUG - STREAM b'IDAT' 132 18484
2025-06-09 12:26:52,360 - DEBUG - STREAM b'IHDR' 16 13
2025-06-09 12:26:52,361 - DEBUG - STREAM b'tEXt' 41 58
2025-06-09 12:26:52,361 - DEBUG - STREAM b'pHYs' 111 9
2025-06-09 12:26:52,361 - DEBUG - STREAM b'IDAT' 132 34394
2025-06-09 12:26:52,380 - DEBUG - STREAM b'IHDR' 16 13
2025-06-09 12:26:52,380 - DEBUG - STREAM b'tEXt' 41 58
2025-06-09 12:26:52,381 - DEBUG - STREAM b'pHYs' 111 9
2025-06-09 12:26:52,381 - DEBUG - STREAM b'IDAT' 132 26405
2025-06-09 12:26:52,398 - DEBUG - STREAM b'IHDR' 16 13
2025-06-09 12:26:52,398 - DEBUG - STREAM b'tEXt' 41 58
2025-06-09 12:26:52,398 - DEBUG - STREAM b'pHYs' 111 9
2025-06-09 12:26:52,398 - DEBUG - STREAM b'IDAT' 132 19575
2025-06-09 12:26:52,416 - DEBUG - STREAM b'IHDR' 16 13
2025-06-09 12:26:52,416 - DEBUG - STREAM b'tEXt' 41 58
2025-06-09 12:26:52,416 - DEBUG - STREAM b'pHYs' 111 9
2025-06-09 12:26:52,416 - DEBUG - STREAM b'IDAT' 132 32304
2025-06-09 12:26:52,435 - DEBUG - STREAM b'IHDR' 16 13
2025-06-09 12:26:52,435 - DEBUG - STREAM b'tEXt' 41 58
2025-06-09 12:26:52,435 - DEBUG - STREAM b'pHYs' 111 9
2025-06-09 12:26:52,435 - DEBUG - STREAM b'IDAT' 132 20485
2025-06-09 12:26:52,452 - DEBUG - STREAM b'IHDR' 16 13
2025-06-09 12:26:52,453 - DEBUG - STREAM b'tEXt' 41 58
2025-06-09 12:26:52,453 - DEBUG - STREAM b'pHYs' 111 9
2025-06-09 12:26:52,453 - DEBUG - STREAM b'IDAT' 132 34715
2025-06-09 12:26:52,491 - INFO - PDF успешно сгенерирован: D:\ML_coursework\qsar_an1\results\report_20250609_122650.pdf
