2025-06-09 10:49:36,791 - INFO - Loading data
2025-06-09 10:49:38,745 - INFO - Collecting info before processing
2025-06-09 10:49:39,024 - INFO - Dataset shape: (1001, 214)
2025-06-09 10:49:39,024 - INFO - Dataset columns: ['Unnamed: 0', 'IC50, mM', 'CC50, mM', 'SI', 'MaxAbsEStateIndex', 'MaxEStateIndex', 'MinAbsEStateIndex', 'MinEStateIndex', 'qed', 'SPS', 'MolWt', 'HeavyAtomMolWt', 'ExactMolWt', 'NumValenceElectrons', 'NumRadicalElectrons', 'MaxPartialCharge', 'MinPartialCharge', 'MaxAbsPartialCharge', 'MinAbsPartialCharge', 'FpDensityMorgan1', 'FpDensityMorgan2', 'FpDensityMorgan3', 'BCUT2D_MWHI', 'BCUT2D_MWLOW', 'BCUT2D_CHGHI', 'BCUT2D_CHGLO', 'BCUT2D_LOGPHI', 'BCUT2D_LOGPLOW', 'BCUT2D_MRHI', 'BCUT2D_MRLOW', 'AvgIpc', 'BalabanJ', 'BertzCT', 'Chi0', 'Chi0n', 'Chi0v', 'Chi1', 'Chi1n', 'Chi1v', 'Chi2n', 'Chi2v', 'Chi3n', 'Chi3v', 'Chi4n', 'Chi4v', 'HallKierAlpha', 'Ipc', 'Kappa1', 'Kappa2', 'Kappa3', 'LabuteASA', 'PEOE_VSA1', 'PEOE_VSA10', 'PEOE_VSA11', 'PEOE_VSA12', 'PEOE_VSA13', 'PEOE_VSA14', 'PEOE_VSA2', 'PEOE_VSA3', 'PEOE_VSA4', 'PEOE_VSA5', 'PEOE_VSA6', 'PEOE_VSA7', 'PEOE_VSA8', 'PEOE_VSA9', 'SMR_VSA1', 'SMR_VSA10', 'SMR_VSA2', 'SMR_VSA3', 'SMR_VSA4', 'SMR_VSA5', 'SMR_VSA6', 'SMR_VSA7', 'SMR_VSA8', 'SMR_VSA9', 'SlogP_VSA1', 'SlogP_VSA10', 'SlogP_VSA11', 'SlogP_VSA12', 'SlogP_VSA2', 'SlogP_VSA3', 'SlogP_VSA4', 'SlogP_VSA5', 'SlogP_VSA6', 'SlogP_VSA7', 'SlogP_VSA8', 'SlogP_VSA9', 'TPSA', 'EState_VSA1', 'EState_VSA10', 'EState_VSA11', 'EState_VSA2', 'EState_VSA3', 'EState_VSA4', 'EState_VSA5', 'EState_VSA6', 'EState_VSA7', 'EState_VSA8', 'EState_VSA9', 'VSA_EState1', 'VSA_EState10', 'VSA_EState2', 'VSA_EState3', 'VSA_EState4', 'VSA_EState5', 'VSA_EState6', 'VSA_EState7', 'VSA_EState8', 'VSA_EState9', 'FractionCSP3', 'HeavyAtomCount', 'NHOHCount', 'NOCount', 'NumAliphaticCarbocycles', 'NumAliphaticHeterocycles', 'NumAliphaticRings', 'NumAromaticCarbocycles', 'NumAromaticHeterocycles', 'NumAromaticRings', 'NumHAcceptors', 'NumHDonors', 'NumHeteroatoms', 'NumRotatableBonds', 'NumSaturatedCarbocycles', 'NumSaturatedHeterocycles', 'NumSaturatedRings', 'RingCount', 'MolLogP', 'MolMR', 'fr_Al_COO', 'fr_Al_OH', 'fr_Al_OH_noTert', 'fr_ArN', 'fr_Ar_COO', 'fr_Ar_N', 'fr_Ar_NH', 'fr_Ar_OH', 'fr_COO', 'fr_COO2', 'fr_C_O', 'fr_C_O_noCOO', 'fr_C_S', 'fr_HOCCN', 'fr_Imine', 'fr_NH0', 'fr_NH1', 'fr_NH2', 'fr_N_O', 'fr_Ndealkylation1', 'fr_Ndealkylation2', 'fr_Nhpyrrole', 'fr_SH', 'fr_aldehyde', 'fr_alkyl_carbamate', 'fr_alkyl_halide', 'fr_allylic_oxid', 'fr_amide', 'fr_amidine', 'fr_aniline', 'fr_aryl_methyl', 'fr_azide', 'fr_azo', 'fr_barbitur', 'fr_benzene', 'fr_benzodiazepine', 'fr_bicyclic', 'fr_diazo', 'fr_dihydropyridine', 'fr_epoxide', 'fr_ester', 'fr_ether', 'fr_furan', 'fr_guanido', 'fr_halogen', 'fr_hdrzine', 'fr_hdrzone', 'fr_imidazole', 'fr_imide', 'fr_isocyan', 'fr_isothiocyan', 'fr_ketone', 'fr_ketone_Topliss', 'fr_lactam', 'fr_lactone', 'fr_methoxy', 'fr_morpholine', 'fr_nitrile', 'fr_nitro', 'fr_nitro_arom', 'fr_nitro_arom_nonortho', 'fr_nitroso', 'fr_oxazole', 'fr_oxime', 'fr_para_hydroxylation', 'fr_phenol', 'fr_phenol_noOrthoHbond', 'fr_phos_acid', 'fr_phos_ester', 'fr_piperdine', 'fr_piperzine', 'fr_priamide', 'fr_prisulfonamd', 'fr_pyridine', 'fr_quatN', 'fr_sulfide', 'fr_sulfonamd', 'fr_sulfone', 'fr_term_acetylene', 'fr_tetrazole', 'fr_thiazole', 'fr_thiocyan', 'fr_thiophene', 'fr_unbrch_alkane', 'fr_urea']
2025-06-09 10:49:41,745 - INFO - Descriptive stats saved to figures/dataset_before_processing.png
2025-06-09 10:49:41,745 - INFO - Renamed columns 'IC50, mM' and 'CC50, mM'
2025-06-09 10:49:41,760 - INFO - Rename dictionary saved to data/rename_dict.csv
2025-06-09 10:49:41,760 - INFO - Handling outliers
2025-06-09 10:49:41,760 - INFO - Outliers in IC50_mM clipped (147): lower=-306.18, upper=543.67
2025-06-09 10:49:41,760 - INFO - Outliers in CC50_mM clipped (39): lower=-1091.14, upper=2085.22
2025-06-09 10:49:41,760 - INFO - Outliers in SI clipped (125): lower=-21.27, upper=39.27
2025-06-09 10:49:41,760 - INFO - Missing values before: 36
2025-06-09 10:49:41,839 - INFO - Missing values after: 0
2025-06-09 10:49:41,839 - INFO - Creating log-transformed columns
2025-06-09 10:49:41,964 - INFO - Dropped 71 correlated features: ['feature_5', 'feature_11', 'feature_12', 'feature_13', 'feature_17', 'feature_18', 'feature_20', 'feature_21', 'feature_26', 'feature_27', 'feature_28', 'feature_32', 'feature_33', 'feature_34', 'feature_35', 'feature_36', 'feature_37', 'feature_38', 'feature_39', 'feature_40', 'feature_41', 'feature_42', 'feature_43', 'feature_44', 'feature_45', 'feature_47', 'feature_48', 'feature_49', 'feature_50', 'feature_65', 'feature_72', 'feature_76', 'feature_77', 'feature_81', 'feature_82', 'feature_83', 'feature_87', 'feature_88', 'feature_89', 'feature_100', 'feature_105', 'feature_109', 'feature_110', 'feature_111', 'feature_112', 'feature_113', 'feature_116', 'feature_118', 'feature_119', 'feature_120', 'feature_121', 'feature_122', 'feature_123', 'feature_125', 'feature_128', 'feature_130', 'feature_131', 'feature_134', 'feature_137', 'feature_138', 'feature_139', 'feature_140', 'feature_144', 'feature_150', 'feature_154', 'feature_163', 'feature_173', 'feature_181', 'feature_189', 'feature_194', 'feature_195']
2025-06-09 10:49:41,964 - INFO - Kept 107 features after variance filtering
2025-06-09 10:49:41,964 - INFO - Collecting info after processing
2025-06-09 10:49:42,089 - INFO - Dataset info saved to data/dataset_info.csv and data/dataset_stats.csv
2025-06-09 10:49:43,151 - INFO - Descriptive stats saved to figures/dataset_after_processing.png
2025-06-09 10:49:43,229 - INFO - Processed dataset saved to data/processed_data.csv
2025-06-09 10:49:43,229 - INFO - Creating visualizations
2025-06-09 10:49:43,448 - INFO - Saved log_ic50_distribution.png
2025-06-09 10:49:43,667 - INFO - Saved log_cc50_distribution.png
2025-06-09 10:49:43,854 - INFO - Saved log_si_distribution.png
2025-06-09 10:49:44,042 - INFO - Saved boxplot_targets.png
