2025-06-09 10:49:47,667 - INFO - Загрузка данных
2025-06-09 10:49:47,698 - INFO - Разделение данных: train=800, test=201
2025-06-09 10:49:47,698 - INFO - Признаки стандартизированы
2025-06-09 10:49:47,698 - INFO - Обучение RF
2025-06-09 11:02:00,648 - INFO - Лучшие параметры для RF: {'n_estimators': 51, 'max_depth': None, 'min_samples_split': 2, 'min_samples_leaf': 1}
2025-06-09 11:02:02,128 - INFO - Обучающий R2 для RF: 0.913
2025-06-09 11:02:02,129 - INFO - Тестовые метрики RF: MSE=1.667, R2=0.476, MAE=0.991
2025-06-09 11:02:02,296 - INFO - Важность признаков сохранена: figures/feature_importance_log_ic50_rf.png
2025-06-09 11:02:02,296 - INFO - Обучение XGB
2025-06-09 11:03:38,141 - INFO - Лучшие параметры для XGB: {'n_estimators': 189, 'max_depth': 3, 'learning_rate': 0.0856496838434117, 'reg_lambda': 30.74152953794856, 'reg_alpha': 0.703810365733335}
2025-06-09 11:03:38,314 - INFO - Обучающий R2 для XGB: 0.746
2025-06-09 11:03:38,314 - INFO - Тестовые метрики XGB: MSE=1.747, R2=0.451, MAE=1.045
2025-06-09 11:03:38,452 - INFO - Важность признаков сохранена: figures/feature_importance_log_ic50_xgb.png
2025-06-09 11:03:38,452 - INFO - Обучение LGB
2025-06-09 11:03:56,059 - INFO - Лучшие параметры для LGB: {'n_estimators': 125, 'max_depth': 3, 'learning_rate': 0.12394162323345306, 'num_leaves': 68, 'min_child_samples': 55}
2025-06-09 11:03:56,118 - INFO - Обучающий R2 для LGB: 0.723
2025-06-09 11:03:56,118 - INFO - Тестовые метрики LGB: MSE=1.689, R2=0.469, MAE=1.022
2025-06-09 11:03:56,256 - INFO - Важность признаков сохранена: figures/feature_importance_log_ic50_lgb.png
2025-06-09 11:03:56,256 - INFO - Обучение GB
2025-06-09 11:12:37,920 - INFO - Лучшие параметры для GB: {'n_estimators': 178, 'max_depth': 3, 'learning_rate': 0.06388208324918385, 'min_samples_split': 9}
2025-06-09 11:12:39,906 - INFO - Обучающий R2 для GB: 0.746
2025-06-09 11:12:39,906 - INFO - Тестовые метрики GB: MSE=1.911, R2=0.399, MAE=1.095
2025-06-09 11:12:40,045 - INFO - Важность признаков сохранена: figures/feature_importance_log_ic50_gb.png
2025-06-09 11:12:40,045 - INFO - Обучение LR
2025-06-09 11:12:44,356 - INFO - Лучшие параметры для LR: {'fit_intercept': True}
2025-06-09 11:12:44,375 - INFO - Обучающий R2 для LR: 0.434
2025-06-09 11:12:44,375 - INFO - Тестовые метрики LR: MSE=2.391, R2=0.248, MAE=1.256
2025-06-09 11:12:44,375 - INFO - Обучение ансамбля
2025-06-09 11:12:48,774 - INFO - Метрики ансамбля: MSE=1.802, R2=0.433, MAE=1.042
2025-06-09 11:12:48,885 - INFO - График предсказаний сохранен: figures/pred_vs_true_log_ic50_rf.png
2025-06-09 11:12:48,890 - INFO - Результаты регрессии log_ic50:
    Model    MSE     R2    MAE
0      RF  1.667  0.476  0.991
1     XGB  1.747  0.451  1.045
2     LGB  1.689  0.469  1.022
3      GB  1.911  0.399  1.095
4      LR  2.391  0.248  1.256
5  Voting  1.802  0.433  1.042
