2025-06-09 11:19:29,108 - INFO - Загрузка данных
2025-06-09 11:19:29,131 - INFO - Разделение данных: train=800, test=201
2025-06-09 11:19:29,139 - INFO - Признаки стандартизированы
2025-06-09 11:19:29,140 - INFO - Обучение RF
2025-06-09 11:27:35,332 - INFO - Лучшие параметры для RF: {'n_estimators': 114, 'max_depth': 10, 'min_samples_split': 5, 'min_samples_leaf': 3}
2025-06-09 11:27:37,465 - INFO - Обучающий R2 для RF: 0.738
2025-06-09 11:27:37,465 - INFO - Тестовые метрики RF: MSE=0.883, R2=0.261, MAE=0.757
2025-06-09 11:27:37,628 - INFO - Важность признаков сохранена: figures/feature_importance_log_si_rf.png
2025-06-09 11:27:37,628 - INFO - Обучение XGB
2025-06-09 11:29:10,612 - INFO - Лучшие параметры для XGB: {'n_estimators': 176, 'max_depth': 3, 'learning_rate': 0.05478955232713588, 'reg_lambda': 27.469883721074776, 'reg_alpha': 0.7270436353795281}
2025-06-09 11:29:10,747 - INFO - Обучающий R2 для XGB: 0.561
2025-06-09 11:29:10,747 - INFO - Тестовые метрики XGB: MSE=0.962, R2=0.195, MAE=0.789
2025-06-09 11:29:10,882 - INFO - Важность признаков сохранена: figures/feature_importance_log_si_xgb.png
2025-06-09 11:29:10,882 - INFO - Обучение LGB
2025-06-09 11:29:28,562 - INFO - Лучшие параметры для LGB: {'n_estimators': 66, 'max_depth': 16, 'learning_rate': 0.07217699487374321, 'num_leaves': 40, 'min_child_samples': 40}
2025-06-09 11:29:28,627 - INFO - Обучающий R2 для LGB: 0.666
2025-06-09 11:29:28,627 - INFO - Тестовые метрики LGB: MSE=0.911, R2=0.238, MAE=0.762
2025-06-09 11:29:28,750 - INFO - Важность признаков сохранена: figures/feature_importance_log_si_lgb.png
2025-06-09 11:29:28,750 - INFO - Обучение GB
2025-06-09 11:38:26,667 - INFO - Лучшие параметры для GB: {'n_estimators': 116, 'max_depth': 6, 'learning_rate': 0.02223239283284377, 'min_samples_split': 7}
2025-06-09 11:38:29,035 - INFO - Обучающий R2 для GB: 0.751
2025-06-09 11:38:29,035 - INFO - Тестовые метрики GB: MSE=0.932, R2=0.220, MAE=0.790
2025-06-09 11:38:29,163 - INFO - Важность признаков сохранена: figures/feature_importance_log_si_gb.png
2025-06-09 11:38:29,163 - INFO - Обучение LR
2025-06-09 11:38:33,107 - INFO - Лучшие параметры для LR: {'fit_intercept': True}
2025-06-09 11:38:33,127 - INFO - Обучающий R2 для LR: 0.315
2025-06-09 11:38:33,127 - INFO - Тестовые метрики LR: MSE=1.130, R2=0.055, MAE=0.869
2025-06-09 11:38:33,127 - INFO - Обучение ансамбля
2025-06-09 11:38:37,649 - INFO - Метрики ансамбля: MSE=0.926, R2=0.226, MAE=0.749
2025-06-09 11:38:37,765 - INFO - График предсказаний сохранен: figures/pred_vs_true_log_si_rf.png
2025-06-09 11:38:37,771 - INFO - Результаты регрессии log_si:
    Model    MSE     R2    MAE
0      RF  0.883  0.261  0.757
1     XGB  0.962  0.195  0.789
2     LGB  0.911  0.238  0.762
3      GB  0.932  0.220  0.790
4      LR  1.130  0.055  0.869
5  Voting  0.926  0.226  0.749
